<?xml version="1.0" encoding="UTF-8"?>
<testsuite xmlns:xsi="http://www.w3.org/2001/XMLSchema-instance" xsi:noNamespaceSchemaLocation="https://maven.apache.org/surefire/maven-surefire-plugin/xsd/surefire-test-report-3.0.xsd" version="3.0" name="tqs.lab3.cars.APITest" time="2.514" tests="3" errors="0" skipped="0" failures="0">
  <properties>
[...]
</properties>
  <testcase name="whenValidCar_thenCreateCar" classname="tqs.lab3.cars.APITest" time="0.271">
    <system-out><![CDATA[22:14:53.841 [main] INFO org.springframework.test.context.support.AnnotationConfigContextLoaderUtils -- Could not detect default configuration classes for test class [tqs.lab3.cars.APITest]: APITest does not declare any static, non-private, non-final, nested classes annotated with @Configuration.
22:14:53.905 [main] INFO org.springframework.boot.test.context.SpringBootTestContextBootstrapper -- Found @SpringBootConfiguration tqs.lab3.cars.CarsApplication for test class tqs.lab3.cars.APITest

  .   ____          _            __ _ _
 /\\ / ___'_ __ _ _(_)_ __  __ _ \ \ \ \
( ( )\___ | '_ | '_| | '_ \/ _` | \ \ \ \
 \\/  ___)| |_)| | | | | || (_| |  ) ) ) )
  '  |____| .__|_| |_|_| |_\__, | / / / /
 =========|_|==============|___/=/_/_/_/
 :: Spring Boot ::                (v3.2.3)

2024-03-05T22:14:54.105Z  INFO 110886 --- [           main] tqs.lab3.cars.APITest                    : Starting APITest using Java 17.0.10 with PID 110886 (started by miguel in /home/miguel/Documentos/TQS/TQS_107660/lab3/lab32/cars)
2024-03-05T22:14:54.106Z  INFO 110886 --- [           main] tqs.lab3.cars.APITest                    : No active profile set, falling back to 1 default profile: "default"
2024-03-05T22:14:54.387Z  INFO 110886 --- [           main] .s.d.r.c.RepositoryConfigurationDelegate : Bootstrapping Spring Data JPA repositories in DEFAULT mode.
2024-03-05T22:14:54.418Z  INFO 110886 --- [           main] .s.d.r.c.RepositoryConfigurationDelegate : Finished Spring Data repository scanning in 27 ms. Found 1 JPA repository interface.
2024-03-05T22:14:54.685Z  INFO 110886 --- [           main] o.s.b.w.embedded.tomcat.TomcatWebServer  : Tomcat initialized with port 0 (http)
2024-03-05T22:14:54.692Z  INFO 110886 --- [           main] o.apache.catalina.core.StandardService   : Starting service [Tomcat]
2024-03-05T22:14:54.692Z  INFO 110886 --- [           main] o.apache.catalina.core.StandardEngine    : Starting Servlet engine: [Apache Tomcat/10.1.19]
2024-03-05T22:14:54.717Z  INFO 110886 --- [           main] o.a.c.c.C.[Tomcat].[localhost].[/]       : Initializing Spring embedded WebApplicationContext
2024-03-05T22:14:54.718Z  INFO 110886 --- [           main] w.s.c.ServletWebServerApplicationContext : Root WebApplicationContext: initialization completed in 604 ms
2024-03-05T22:14:54.813Z  INFO 110886 --- [           main] o.hibernate.jpa.internal.util.LogHelper  : HHH000204: Processing PersistenceUnitInfo [name: default]
2024-03-05T22:14:54.838Z  INFO 110886 --- [           main] org.hibernate.Version                    : HHH000412: Hibernate ORM core version 6.4.4.Final
2024-03-05T22:14:54.854Z  INFO 110886 --- [           main] o.h.c.internal.RegionFactoryInitiator    : HHH000026: Second-level cache disabled
2024-03-05T22:14:54.910Z  INFO 110886 --- [           main] o.s.o.j.p.SpringPersistenceUnitInfo      : No LoadTimeWeaver setup: ignoring JPA class transformer
2024-03-05T22:14:54.924Z  INFO 110886 --- [           main] com.zaxxer.hikari.HikariDataSource       : HikariPool-1 - Starting...
2024-03-05T22:14:55.109Z  INFO 110886 --- [           main] com.zaxxer.hikari.pool.HikariPool        : HikariPool-1 - Added connection com.mysql.cj.jdbc.ConnectionImpl@6493f780
2024-03-05T22:14:55.111Z  INFO 110886 --- [           main] com.zaxxer.hikari.HikariDataSource       : HikariPool-1 - Start completed.
2024-03-05T22:14:55.141Z  WARN 110886 --- [           main] org.hibernate.dialect.Dialect            : HHH000511: The 5.7.44 version for [org.hibernate.dialect.MySQLDialect] is no longer supported, hence certain features may not work properly. The minimum supported version is 8.0.0. Check the community dialects project for available legacy versions.
2024-03-05T22:14:55.450Z  INFO 110886 --- [           main] o.h.e.t.j.p.i.JtaPlatformInitiator       : HHH000489: No JTA platform available (set 'hibernate.transaction.jta.platform' to enable JTA platform integration)
2024-03-05T22:14:55.502Z  INFO 110886 --- [           main] j.LocalContainerEntityManagerFactoryBean : Initialized JPA EntityManagerFactory for persistence unit 'default'
2024-03-05T22:14:55.675Z  WARN 110886 --- [           main] JpaBaseConfiguration$JpaWebConfiguration : spring.jpa.open-in-view is enabled by default. Therefore, database queries may be performed during view rendering. Explicitly configure spring.jpa.open-in-view to disable this warning
2024-03-05T22:14:55.885Z  INFO 110886 --- [           main] o.s.b.w.embedded.tomcat.TomcatWebServer  : Tomcat started on port 41743 (http) with context path ''
2024-03-05T22:14:55.890Z  INFO 110886 --- [           main] tqs.lab3.cars.APITest                    : Started APITest in 1.912 seconds (process running for 3.028)
2024-03-05T22:14:55.966Z  INFO 110886 --- [o-auto-1-exec-1] o.a.c.c.C.[Tomcat].[localhost].[/]       : Initializing Spring DispatcherServlet 'dispatcherServlet'
2024-03-05T22:14:55.966Z  INFO 110886 --- [o-auto-1-exec-1] o.s.web.servlet.DispatcherServlet        : Initializing Servlet 'dispatcherServlet'
2024-03-05T22:14:55.967Z  INFO 110886 --- [o-auto-1-exec-1] o.s.web.servlet.DispatcherServlet        : Completed initialization in 1 ms
]]></system-out>
  </testcase>
  <testcase name="givenCreate2Renaults_whenFindByMakerRenault_thenReturn2Renaults" classname="tqs.lab3.cars.APITest" time="0.07"/>
  <testcase name="givenCars_whenGetCars_thenReturnJsonArray" classname="tqs.lab3.cars.APITest" time="0.025"/>
</testsuite>