<?xml version="1.0" encoding="UTF-8"?>
<testsuite xmlns:xsi="http://www.w3.org/2001/XMLSchema-instance" xsi:noNamespaceSchemaLocation="https://maven.apache.org/surefire/maven-surefire-plugin/xsd/surefire-test-report-3.0.xsd" version="3.0" name="com.hw.CucumberTest" time="4.548" tests="1" errors="0" skipped="0" failures="0">
  <properties>
[...]
</properties>
  <testcase name="Booking a trip from Mexico City to Cairo" classname="Trips" time="4.5">
    <system-out><![CDATA[00:17:17.545 [main] DEBUG com.hw.TripSteps -- Navigate to http://localhost:4200
00:17:17.733 [main] DEBUG io.github.bonigarcia.wdm.cache.ResolutionCache -- Removing resolution firefox=124 from cache (expired on Mon Apr 08 23:49:41 WEST 2024)
00:17:17.742 [main] DEBUG org.apache.hc.client5.http.impl.classic.InternalHttpClient -- ex-0000000001 preparing request execution
00:17:17.745 [main] DEBUG org.apache.hc.client5.http.impl.classic.ProtocolExec -- ex-0000000001 target auth state: UNCHALLENGED
00:17:17.746 [main] DEBUG org.apache.hc.client5.http.impl.classic.ProtocolExec -- ex-0000000001 proxy auth state: UNCHALLENGED
00:17:17.746 [main] DEBUG org.apache.hc.client5.http.impl.classic.ConnectExec -- ex-0000000001 acquiring connection with route {s}->https://raw.githubusercontent.com:443
00:17:17.746 [main] DEBUG org.apache.hc.client5.http.impl.classic.InternalHttpClient -- ex-0000000001 acquiring endpoint (3 MINUTES)
00:17:17.747 [main] DEBUG org.apache.hc.client5.http.impl.io.PoolingHttpClientConnectionManager -- ex-0000000001 endpoint lease request (3 MINUTES) [route: {s}->https://raw.githubusercontent.com:443][total available: 0; route allocated: 0 of 5; total allocated: 0 of 25]
00:17:17.748 [main] DEBUG org.apache.hc.client5.http.impl.io.PoolingHttpClientConnectionManager -- ex-0000000001 endpoint leased [route: {s}->https://raw.githubusercontent.com:443][total available: 0; route allocated: 1 of 5; total allocated: 1 of 25]
00:17:17.752 [main] DEBUG org.apache.hc.client5.http.impl.io.PoolingHttpClientConnectionManager -- ex-0000000001 acquired ep-0000000001
00:17:17.752 [main] DEBUG org.apache.hc.client5.http.impl.classic.InternalHttpClient -- ex-0000000001 acquired endpoint ep-0000000001
00:17:17.752 [main] DEBUG org.apache.hc.client5.http.impl.classic.ConnectExec -- ex-0000000001 opening connection {s}->https://raw.githubusercontent.com:443
00:17:17.752 [main] DEBUG org.apache.hc.client5.http.impl.classic.InternalHttpClient -- ep-0000000001 connecting endpoint (null)
00:17:17.753 [main] DEBUG org.apache.hc.client5.http.impl.io.PoolingHttpClientConnectionManager -- ep-0000000001 connecting endpoint to https://raw.githubusercontent.com:443 (30 SECONDS)
00:17:17.753 [main] DEBUG org.apache.hc.client5.http.impl.io.DefaultHttpClientConnectionOperator -- raw.githubusercontent.com resolving remote address
00:17:17.762 [main] DEBUG org.apache.hc.client5.http.impl.io.DefaultHttpClientConnectionOperator -- raw.githubusercontent.com resolved to [raw.githubusercontent.com/185.199.111.133, raw.githubusercontent.com/185.199.110.133, raw.githubusercontent.com/185.199.109.133, raw.githubusercontent.com/185.199.108.133, raw.githubusercontent.com/2606:50c0:8001:0:0:0:0:154, raw.githubusercontent.com/2606:50c0:8002:0:0:0:0:154, raw.githubusercontent.com/2606:50c0:8003:0:0:0:0:154, raw.githubusercontent.com/2606:50c0:8000:0:0:0:0:154]
00:17:17.765 [main] DEBUG org.apache.hc.client5.http.impl.io.DefaultHttpClientConnectionOperator -- raw.githubusercontent.com:443 connecting null->raw.githubusercontent.com/185.199.111.133:443 (30 SECONDS)
00:17:17.765 [main] DEBUG org.apache.hc.client5.http.ssl.SSLConnectionSocketFactory -- Connecting socket to raw.githubusercontent.com/185.199.111.133:443 with timeout 30 SECONDS
00:17:17.796 [main] DEBUG org.apache.hc.client5.http.ssl.SSLConnectionSocketFactory -- Enabled protocols: [TLSv1.3, TLSv1.2]
00:17:17.796 [main] DEBUG org.apache.hc.client5.http.ssl.SSLConnectionSocketFactory -- Enabled cipher suites: [TLS_AES_256_GCM_SHA384, TLS_AES_128_GCM_SHA256, TLS_CHACHA20_POLY1305_SHA256, TLS_ECDHE_ECDSA_WITH_AES_256_GCM_SHA384, TLS_ECDHE_ECDSA_WITH_AES_128_GCM_SHA256, TLS_ECDHE_ECDSA_WITH_CHACHA20_POLY1305_SHA256, TLS_ECDHE_RSA_WITH_AES_256_GCM_SHA384, TLS_ECDHE_RSA_WITH_CHACHA20_POLY1305_SHA256, TLS_ECDHE_RSA_WITH_AES_128_GCM_SHA256, TLS_DHE_RSA_WITH_AES_256_GCM_SHA384, TLS_DHE_RSA_WITH_CHACHA20_POLY1305_SHA256, TLS_DHE_DSS_WITH_AES_256_GCM_SHA384, TLS_DHE_RSA_WITH_AES_128_GCM_SHA256, TLS_DHE_DSS_WITH_AES_128_GCM_SHA256, TLS_ECDHE_ECDSA_WITH_AES_256_CBC_SHA384, TLS_ECDHE_RSA_WITH_AES_256_CBC_SHA384, TLS_ECDHE_ECDSA_WITH_AES_128_CBC_SHA256, TLS_ECDHE_RSA_WITH_AES_128_CBC_SHA256, TLS_DHE_RSA_WITH_AES_256_CBC_SHA256, TLS_DHE_DSS_WITH_AES_256_CBC_SHA256, TLS_DHE_RSA_WITH_AES_128_CBC_SHA256, TLS_DHE_DSS_WITH_AES_128_CBC_SHA256, TLS_ECDH_ECDSA_WITH_AES_256_GCM_SHA384, TLS_ECDH_RSA_WITH_AES_256_GCM_SHA384, TLS_ECDH_ECDSA_WITH_AES_128_GCM_SHA256, TLS_ECDH_RSA_WITH_AES_128_GCM_SHA256, TLS_ECDH_ECDSA_WITH_AES_256_CBC_SHA384, TLS_ECDH_RSA_WITH_AES_256_CBC_SHA384, TLS_ECDH_ECDSA_WITH_AES_128_CBC_SHA256, TLS_ECDH_RSA_WITH_AES_128_CBC_SHA256, TLS_ECDHE_ECDSA_WITH_AES_256_CBC_SHA, TLS_ECDHE_RSA_WITH_AES_256_CBC_SHA, TLS_ECDHE_ECDSA_WITH_AES_128_CBC_SHA, TLS_ECDHE_RSA_WITH_AES_128_CBC_SHA, TLS_DHE_RSA_WITH_AES_256_CBC_SHA, TLS_DHE_DSS_WITH_AES_256_CBC_SHA, TLS_DHE_RSA_WITH_AES_128_CBC_SHA, TLS_DHE_DSS_WITH_AES_128_CBC_SHA, TLS_ECDH_ECDSA_WITH_AES_256_CBC_SHA, TLS_ECDH_RSA_WITH_AES_256_CBC_SHA, TLS_ECDH_ECDSA_WITH_AES_128_CBC_SHA, TLS_ECDH_RSA_WITH_AES_128_CBC_SHA, TLS_RSA_WITH_AES_256_GCM_SHA384, TLS_RSA_WITH_AES_128_GCM_SHA256, TLS_RSA_WITH_AES_256_CBC_SHA256, TLS_RSA_WITH_AES_128_CBC_SHA256, TLS_RSA_WITH_AES_256_CBC_SHA, TLS_RSA_WITH_AES_128_CBC_SHA, TLS_EMPTY_RENEGOTIATION_INFO_SCSV]
00:17:17.797 [main] DEBUG org.apache.hc.client5.http.ssl.SSLConnectionSocketFactory -- Starting handshake (null)
00:17:17.840 [main] DEBUG org.apache.hc.client5.http.ssl.SSLConnectionSocketFactory -- Secure session established
00:17:17.840 [main] DEBUG org.apache.hc.client5.http.ssl.SSLConnectionSocketFactory --  negotiated protocol: TLSv1.3
00:17:17.840 [main] DEBUG org.apache.hc.client5.http.ssl.SSLConnectionSocketFactory --  negotiated cipher suite: TLS_AES_128_GCM_SHA256
00:17:17.840 [main] DEBUG org.apache.hc.client5.http.ssl.SSLConnectionSocketFactory --  peer principal: CN=*.github.io, O="GitHub, Inc.", L=San Francisco, ST=California, C=US
00:17:17.841 [main] DEBUG org.apache.hc.client5.http.ssl.SSLConnectionSocketFactory --  peer alternative names: [*.github.io, github.io, githubusercontent.com, www.github.com, *.github.com, *.githubusercontent.com, github.com]
00:17:17.841 [main] DEBUG org.apache.hc.client5.http.ssl.SSLConnectionSocketFactory --  issuer principal: CN=DigiCert Global G2 TLS RSA SHA256 2020 CA1, O=DigiCert Inc, C=US
00:17:17.841 [main] DEBUG org.apache.hc.client5.http.impl.io.DefaultManagedHttpClientConnection -- http-outgoing-0 set socket timeout to 3 MINUTES
00:17:17.841 [main] DEBUG org.apache.hc.client5.http.impl.io.DefaultHttpClientConnectionOperator -- raw.githubusercontent.com:443 connected null->raw.githubusercontent.com/185.199.111.133:443 as http-outgoing-0
00:17:17.841 [main] DEBUG org.apache.hc.client5.http.impl.io.PoolingHttpClientConnectionManager -- ep-0000000001 connected http-outgoing-0
00:17:17.841 [main] DEBUG org.apache.hc.client5.http.impl.classic.InternalHttpClient -- ep-0000000001 endpoint connected
00:17:17.841 [main] DEBUG org.apache.hc.client5.http.impl.classic.MainClientExec -- ex-0000000001 executing GET /bonigarcia/webdrivermanager/master/src/main/resources/commands.properties HTTP/1.1
00:17:17.842 [main] DEBUG org.apache.hc.client5.http.protocol.RequestAddCookies -- ex-0000000001 Cookie spec selected: strict
00:17:17.844 [main] DEBUG org.apache.hc.client5.http.impl.classic.InternalHttpClient -- ep-0000000001 start execution ex-0000000001
00:17:17.844 [main] DEBUG org.apache.hc.client5.http.impl.io.PoolingHttpClientConnectionManager -- ep-0000000001 executing exchange ex-0000000001 over http-outgoing-0
00:17:17.844 [main] DEBUG org.apache.hc.client5.http.headers -- http-outgoing-0 >> GET /bonigarcia/webdrivermanager/master/src/main/resources/commands.properties HTTP/1.1
00:17:17.844 [main] DEBUG org.apache.hc.client5.http.headers -- http-outgoing-0 >> user-agent: Apache-HttpClient/5.0
00:17:17.844 [main] DEBUG org.apache.hc.client5.http.headers -- http-outgoing-0 >> accept-encoding: gzip, deflate, br
00:17:17.844 [main] DEBUG org.apache.hc.client5.http.headers -- http-outgoing-0 >> cache-control: max-age=0
00:17:17.845 [main] DEBUG org.apache.hc.client5.http.headers -- http-outgoing-0 >> connection: keep-alive
00:17:17.845 [main] DEBUG org.apache.hc.client5.http.headers -- http-outgoing-0 >> Host: raw.githubusercontent.com
00:17:17.845 [main] DEBUG org.apache.hc.client5.http.wire -- http-outgoing-0 >> "GET /bonigarcia/webdrivermanager/master/src/main/resources/commands.properties HTTP/1.1[\r][\n]"
00:17:17.845 [main] DEBUG org.apache.hc.client5.http.wire -- http-outgoing-0 >> "user-agent: Apache-HttpClient/5.0[\r][\n]"
00:17:17.845 [main] DEBUG org.apache.hc.client5.http.wire -- http-outgoing-0 >> "accept-encoding: gzip, deflate, br[\r][\n]"
00:17:17.845 [main] DEBUG org.apache.hc.client5.http.wire -- http-outgoing-0 >> "cache-control: max-age=0[\r][\n]"
00:17:17.845 [main] DEBUG org.apache.hc.client5.http.wire -- http-outgoing-0 >> "connection: keep-alive[\r][\n]"
00:17:17.845 [main] DEBUG org.apache.hc.client5.http.wire -- http-outgoing-0 >> "Host: raw.githubusercontent.com[\r][\n]"
00:17:17.845 [main] DEBUG org.apache.hc.client5.http.wire -- http-outgoing-0 >> "[\r][\n]"
00:17:17.994 [main] DEBUG org.apache.hc.client5.http.wire -- http-outgoing-0 << "HTTP/1.1 200 OK[\r][\n]"
00:17:17.994 [main] DEBUG org.apache.hc.client5.http.wire -- http-outgoing-0 << "Connection: keep-alive[\r][\n]"
00:17:17.994 [main] DEBUG org.apache.hc.client5.http.wire -- http-outgoing-0 << "Content-Length: 745[\r][\n]"
00:17:17.994 [main] DEBUG org.apache.hc.client5.http.wire -- http-outgoing-0 << "Cache-Control: max-age=300[\r][\n]"
00:17:17.995 [main] DEBUG org.apache.hc.client5.http.wire -- http-outgoing-0 << "Content-Security-Policy: default-src 'none'; style-src 'unsafe-inline'; sandbox[\r][\n]"
00:17:17.995 [main] DEBUG org.apache.hc.client5.http.wire -- http-outgoing-0 << "Content-Type: text/plain; charset=utf-8[\r][\n]"
00:17:17.995 [main] DEBUG org.apache.hc.client5.http.wire -- http-outgoing-0 << "ETag: W/"dd41edff335272162022217759820159dac501cff56850e2510f504462cd9b5f"[\r][\n]"
00:17:17.995 [main] DEBUG org.apache.hc.client5.http.wire -- http-outgoing-0 << "Strict-Transport-Security: max-age=31536000[\r][\n]"
00:17:17.995 [main] DEBUG org.apache.hc.client5.http.wire -- http-outgoing-0 << "X-Content-Type-Options: nosniff[\r][\n]"
00:17:17.995 [main] DEBUG org.apache.hc.client5.http.wire -- http-outgoing-0 << "X-Frame-Options: deny[\r][\n]"
00:17:17.995 [main] DEBUG org.apache.hc.client5.http.wire -- http-outgoing-0 << "X-XSS-Protection: 1; mode=block[\r][\n]"
00:17:17.995 [main] DEBUG org.apache.hc.client5.http.wire -- http-outgoing-0 << "X-GitHub-Request-Id: 1974:28BC7D:3EC202C:4199217:661257BF[\r][\n]"
00:17:17.995 [main] DEBUG org.apache.hc.client5.http.wire -- http-outgoing-0 << "Content-Encoding: gzip[\r][\n]"
00:17:17.995 [main] DEBUG org.apache.hc.client5.http.wire -- http-outgoing-0 << "Accept-Ranges: bytes[\r][\n]"
00:17:17.995 [main] DEBUG org.apache.hc.client5.http.wire -- http-outgoing-0 << "Date: Mon, 08 Apr 2024 23:17:17 GMT[\r][\n]"
00:17:17.995 [main] DEBUG org.apache.hc.client5.http.wire -- http-outgoing-0 << "Via: 1.1 varnish[\r][\n]"
00:17:17.995 [main] DEBUG org.apache.hc.client5.http.wire -- http-outgoing-0 << "X-Served-By: cache-lis1490026-LIS[\r][\n]"
00:17:17.995 [main] DEBUG org.apache.hc.client5.http.wire -- http-outgoing-0 << "X-Cache: HIT[\r][\n]"
00:17:17.995 [main] DEBUG org.apache.hc.client5.http.wire -- http-outgoing-0 << "X-Cache-Hits: 0[\r][\n]"
00:17:17.995 [main] DEBUG org.apache.hc.client5.http.wire -- http-outgoing-0 << "X-Timer: S1712618238.826509,VS0,VE139[\r][\n]"
00:17:17.995 [main] DEBUG org.apache.hc.client5.http.wire -- http-outgoing-0 << "Vary: Authorization,Accept-Encoding,Origin[\r][\n]"
00:17:17.996 [main] DEBUG org.apache.hc.client5.http.wire -- http-outgoing-0 << "Access-Control-Allow-Origin: *[\r][\n]"
00:17:17.996 [main] DEBUG org.apache.hc.client5.http.wire -- http-outgoing-0 << "Cross-Origin-Resource-Policy: cross-origin[\r][\n]"
00:17:17.996 [main] DEBUG org.apache.hc.client5.http.wire -- http-outgoing-0 << "X-Fastly-Request-ID: 6888476425c7a4e4f278f80d75dbcbbe2b847f1d[\r][\n]"
00:17:17.996 [main] DEBUG org.apache.hc.client5.http.wire -- http-outgoing-0 << "Expires: Mon, 08 Apr 2024 23:22:17 GMT[\r][\n]"
00:17:17.996 [main] DEBUG org.apache.hc.client5.http.wire -- http-outgoing-0 << "Source-Age: 0[\r][\n]"
00:17:17.996 [main] DEBUG org.apache.hc.client5.http.wire -- http-outgoing-0 << "[\r][\n]"
00:17:17.997 [main] DEBUG org.apache.hc.client5.http.headers -- http-outgoing-0 << HTTP/1.1 200 OK
00:17:17.997 [main] DEBUG org.apache.hc.client5.http.headers -- http-outgoing-0 << Connection: keep-alive
00:17:17.997 [main] DEBUG org.apache.hc.client5.http.headers -- http-outgoing-0 << Content-Length: 745
00:17:17.997 [main] DEBUG org.apache.hc.client5.http.headers -- http-outgoing-0 << Cache-Control: max-age=300
00:17:17.997 [main] DEBUG org.apache.hc.client5.http.headers -- http-outgoing-0 << Content-Security-Policy: default-src 'none'; style-src 'unsafe-inline'; sandbox
00:17:17.997 [main] DEBUG org.apache.hc.client5.http.headers -- http-outgoing-0 << Content-Type: text/plain; charset=utf-8
00:17:17.997 [main] DEBUG org.apache.hc.client5.http.headers -- http-outgoing-0 << ETag: W/"dd41edff335272162022217759820159dac501cff56850e2510f504462cd9b5f"
00:17:17.997 [main] DEBUG org.apache.hc.client5.http.headers -- http-outgoing-0 << Strict-Transport-Security: max-age=31536000
00:17:17.998 [main] DEBUG org.apache.hc.client5.http.headers -- http-outgoing-0 << X-Content-Type-Options: nosniff
00:17:17.998 [main] DEBUG org.apache.hc.client5.http.headers -- http-outgoing-0 << X-Frame-Options: deny
00:17:17.998 [main] DEBUG org.apache.hc.client5.http.headers -- http-outgoing-0 << X-XSS-Protection: 1; mode=block
00:17:17.998 [main] DEBUG org.apache.hc.client5.http.headers -- http-outgoing-0 << X-GitHub-Request-Id: 1974:28BC7D:3EC202C:4199217:661257BF
00:17:17.998 [main] DEBUG org.apache.hc.client5.http.headers -- http-outgoing-0 << Content-Encoding: gzip
00:17:17.998 [main] DEBUG org.apache.hc.client5.http.headers -- http-outgoing-0 << Accept-Ranges: bytes
00:17:17.998 [main] DEBUG org.apache.hc.client5.http.headers -- http-outgoing-0 << Date: Mon, 08 Apr 2024 23:17:17 GMT
00:17:17.998 [main] DEBUG org.apache.hc.client5.http.headers -- http-outgoing-0 << Via: 1.1 varnish
00:17:17.998 [main] DEBUG org.apache.hc.client5.http.headers -- http-outgoing-0 << X-Served-By: cache-lis1490026-LIS
00:17:17.998 [main] DEBUG org.apache.hc.client5.http.headers -- http-outgoing-0 << X-Cache: HIT
00:17:17.998 [main] DEBUG org.apache.hc.client5.http.headers -- http-outgoing-0 << X-Cache-Hits: 0
00:17:17.998 [main] DEBUG org.apache.hc.client5.http.headers -- http-outgoing-0 << X-Timer: S1712618238.826509,VS0,VE139
00:17:17.998 [main] DEBUG org.apache.hc.client5.http.headers -- http-outgoing-0 << Vary: Authorization,Accept-Encoding,Origin
00:17:17.998 [main] DEBUG org.apache.hc.client5.http.headers -- http-outgoing-0 << Access-Control-Allow-Origin: *
00:17:17.998 [main] DEBUG org.apache.hc.client5.http.headers -- http-outgoing-0 << Cross-Origin-Resource-Policy: cross-origin
00:17:17.998 [main] DEBUG org.apache.hc.client5.http.headers -- http-outgoing-0 << X-Fastly-Request-ID: 6888476425c7a4e4f278f80d75dbcbbe2b847f1d
00:17:17.998 [main] DEBUG org.apache.hc.client5.http.headers -- http-outgoing-0 << Expires: Mon, 08 Apr 2024 23:22:17 GMT
00:17:17.998 [main] DEBUG org.apache.hc.client5.http.headers -- http-outgoing-0 << Source-Age: 0
00:17:17.999 [main] DEBUG org.apache.hc.client5.http.impl.classic.MainClientExec -- ex-0000000001 connection can be kept alive for 3 MINUTES
00:17:18.011 [main] DEBUG org.apache.hc.client5.http.wire -- http-outgoing-0 << "[0x1f][0xffffff8b][0x8][0x0][0x0][0x0][0x0][0x0][0x0][0x3][0xffffffb5]W]o[0xffffffda]0[0x14]}[0xffffffe7]W\QUj% [0x1b][0xffffffad][0xffffffa6]i[0x12][0xf]4c[0xffffffdd]4*[0x18][0xffffffb4][0xffffffdd]&[0xfffffff9][0xffffffc5]$N[0xffffffb0][0xffffff94][0xffffffd8][0xffffffc8]NJ[0xffffffb7]_?[0xffffffdb][0xfffffff9]X[0xffffff92]:[0xffffffa3]k[0xffffffe8][0x1b][0xffffffb6][0xffffffef]=[0xffffffe7][0xffffffd8][0xfffffff7][0xffffffe4][0xffffffda][0xffffff9c][0xffffff80][0xffffffcb][0xffffffe3][0x18]3_[0xffffff82][0xffffff8f][0x13][0xffffffbc][0xffffffc1][0xffffff92][0xfffffff4]N[0xffffffe0]vK%[0x4]4"[0xffffffe0]q[0xffffff96]`[0xffffffca]$$[=[0xffffffc8]C[0x13][0xe][0x1b][0x2][0xffffffe4][0xffffff91]xiB|[0xffffffa0][0xffffffcc],[0xffffffcb]-[0xffffff89]"=[0xffffffe0][0xffffffc2]'B[0x7][0xfffffff9]$!^b[0x16][0x1f][0xffffff88][0xffffff90][0xffffff94][0xffffffab][0xffffffb5][0x0][0xffffff88][0xfffffffa][0x1d][\n]"
00:17:18.011 [main] DEBUG org.apache.hc.client5.http.wire -- http-outgoing-0 << "B[0x18]l[0x4][0xffffffdf]K[0xffffffb5][0xffffffa0]([0xffffffcf][0xffffffdc][0xffffffad][0xffffffe0]1[0x19][0xffffffc0]'*H[0xffffffc0][0x1f][0x7][0xffffffb0][0xffffffd8][0x11][0xffffff81][0x7]0[0xfffffff3]C5kVi[0x1a][0xffffff9f]k|[0xffffff9f][0x6][0x1][0x11][0xffffff84]%[0xffffffc0]uLBY[0x8][0xfffffff2][0xffffff97]LH,[0xffffffe1][0xffffffec];e[0xffffffbe]B[0x1d][0xffffffc0][0xffffff9c][0xffffffb2]T[0xffffffc1][0xffffffdc]`[0xf][0x16][0xffffffeb][0xfffffff3][0xffffff9e][0xffffffe2][0xffffffc8](z[0xfffffff9]6F[0xffffff9e][0x19][0xffffff8e][0xfffffff6]Y[0xffffffc2][0xffffffe8][0xffffffcd][0xffffffdb][0xffffff89][0x17][0xfffffffb]#[0xffffffb5]+p\[0xffffffd8][0xffffffc7][0xffffffd4]3Gb[0xffffff8e]a[0xffffffbf]U|[0xffffffc0]pL&[0xfffffffd][0xffffffd3][0xffffffe5]jq[0xffffffbd][0xffffff9a][0xffffffde]|[0xfffffffa]2[0xffffff9f][0xffffffad]?[0xffffffa0][0x9]B[0xffffffa7][0x8]]s[0x1e]F[0x4][0xffffffa1][0xffffff8c][0x2][0xffffffa1][0xffffffe9]n[0x17]QOI[0xffffffe3][0xc][0xffffffa1][0xffffff9c]H![0xfffffff7]!$[0x9][0xffffffdc][0xffffffe7]g[0xffffffe1]<[0xffffffe0](m[0xffffffd7]3~[0xffffff81][0xffffff9e][0xffffffb3][0x1f][0xffffffef][0xffffffdf][0xffffff9d][0xffffffbf][0xffffffa6][0xffffffa8][0xffffff8b]g[0xffffff8a][0xffffff9a]/[0xffffffdc][0xffffffe9]|[0xffffffba]\~[0xffffff9c][0xffffffde]N_S[0xffffffcf][0xffffffe5]d5[0xffffffbb][0xffffff86]ow[0xffffffb3][0xffffffd5]O[0xfffffff8][0xfffffffc][0xffffffd5][0xffffffbd]Ck[0x1e]${,H[0xffffffc1][0xffffff96][0xffffff93]][0xffffffcd][0xffffffaf][0x8][0xfffffff6][0xc]^[0xffffffe1][0xffffffc5]^[0x13]4[0xffffffd2][0xffffff8e][0xffffffd1]>pR)[0xffffff9c][\r]eNh0[0xffffff86][0xffffffd9]:[0xc][0xffffff87]E[0xffffffa6]=q<i[0xffffff8b]o&[0xffffffc4][0xffffffd8]3<[0xffffff95][0x13][0xffffff90]N&8w[0xffffffe9][0x8][0xffffffef]v[0xffffff8e][0xffffffab][0xffffffbe]>es[0xffffffe9]([0x13]/[0xffffffd6][0xfffffff5][0xffffff80]*[0xffffffba][0xfffffff2]v[0xfffffffe][0xffffffd9][0xffffff94]DA6>[0xffffff8e][0xffffffbb]o[0xfffffff8]o[0x1a]E[0xffffffb8] A[0xffffffa8]@?T[0xffffffad]'*:{[0xfffffffa]xR.*[0xffffffce][0xffffffe9][0xffffffd7][0xffffffad][0xffffff93][0xffffff93]4[0xffffffc9][0xfffffffa][0xffffffda]<n*t[0xffffffeb][0xffffffb9]oV[0xffffffb6][0xffffffc0]/M[0xffffff94]O[0xffffffc0][0xfffffff0][0xffffffe1]i[0xffffff90][0xffffffb5][0xfffffffe]9[0xffffff8b][0xffffffad][0xfffffff2]U,Ul[0xffffffdd][0x13]KL[0xffffffa2][0x6][0xffffffdd][0xffffffca]\?`[0xffffffea][0x9].[0xffffffd5]I [0xffffffa4]i[0x1a]_i,[\r][0xffffffdd][0xffffffa1][0xffffffc3][0xffffffae]kzI[0xffffffd1]_Q[0xffffffce]Ek[0xffffffcb][0xfffffff8]Kf[0xffffffb8][0xfffffffe][0xffffffd9]3[0xc][0xffffffe6][0xffffffd3][0xffffff8e][0x11][0x17][0x10]C[0x1d]`i[0x19][0xffffffd5][0xffffffbc][0xfffffff1][0xffffffa4]5[0xffffffbc][0x1e]o[0xfffffff5]K[0xffffffa9][0xffffffd6][0xfffffff8][0xffffffc1]f[0xffffff9b]z[0x4][0xffffffd4][0x1a][0xffffff86][0xffffffb9]^K[0x16]s[0xffffff91][0xfffffffe][0xffffffbf][0xffffff8b]l]~)x(p,[0x11]2[0x14][0x8]E8e[0xffffff9e][0xffffffca]:X[0xffffffa6][0xffffff86][0xffffff88].[0xffffffb6]9[0xffffff9a][0xffffff88].[0xfffffff7]]G[0xffffffea][0xffffffcb][0xe][0xfffffffb][0x7f].u[0xffffff83][0xffffffbb][0xfffffff4][0xffffffb3][0x19][0xffffffda][0xffffffec][0xffffff98][0xffffffc5]Y[0xfffffffd]h8m6\4[0xffffffc1][0xffffff8a][0xffffffb7][0xffffff98]z[0xffffffd0][0xffffffd5]oF5q[0x1c][0x13][0x16][0xfffffff0][0x1d][0x1e][0x19]5-[0xffffff9d][0xffffffef][0xffffffad]c[0xb]z[0xffffffae]/m[0xffffffe6]8[0xffffffb6][0xffffff96][0xfffffff6]7X[0xffffffc9]t[0xfffffff8][0xfffffff9][0xffffffa5][0x11]K[0xfffffffb][0x15]3[0xffffffc3][0xfffffffc][0x1f]B[0xffffffdb][0xffffffd3][0xffffffab][0xffffff92]4.[0xffffff93]Z[0xffffffdf]]:[0xffffffda][0xffffffea][0xffffffdc]B[0xffffffa6][0xffffffcd][0xffffffbc][0xffffffae][0x5][0xfffffff5][0x4][0xffffffd6]8[0xffffffc0][0xffffff82][0xffffff96][0xfffffff0][0xffffffd2][0xc][0xffffffed][0xffffffe0]Y[0xffffffa8][\r]:[[0xffffffa9][0x0][0xffffffff][0x1][0xfffffff8][0x15][0xffffffb4][0xffffffee][0xffffff8e][\r][0x0][0x0]"
00:17:18.012 [main] DEBUG org.apache.hc.client5.http.impl.classic.InternalHttpClient -- ep-0000000001 releasing valid endpoint
00:17:18.012 [main] DEBUG org.apache.hc.client5.http.impl.io.PoolingHttpClientConnectionManager -- ep-0000000001 releasing endpoint
00:17:18.012 [main] DEBUG org.apache.hc.client5.http.impl.io.PoolingHttpClientConnectionManager -- ep-0000000001 connection http-outgoing-0 can be kept alive for 3 MINUTES
00:17:18.012 [main] DEBUG org.apache.hc.client5.http.impl.io.PoolingHttpClientConnectionManager -- ep-0000000001 connection released [route: {s}->https://raw.githubusercontent.com:443][total available: 1; route allocated: 1 of 5; total allocated: 1 of 25]
00:17:18.012 [main] DEBUG io.github.bonigarcia.wdm.versions.VersionDetector -- Detecting firefox version using online commands.properties
00:17:18.013 [main] DEBUG io.github.bonigarcia.wdm.versions.Shell -- Running command on the shell: [firefox, -v]
00:17:18.047 [main] DEBUG io.github.bonigarcia.wdm.versions.Shell -- Result: Mozilla Firefox 124.0.2
00:17:18.049 [main] DEBUG io.github.bonigarcia.wdm.cache.ResolutionCache -- Resolution firefox124=0.34.0 in cache (valid until 22:49:41 09/04/2024 WEST)
00:17:18.049 [main] INFO io.github.bonigarcia.wdm.WebDriverManager -- Using geckodriver 0.34.0 (resolved driver for Firefox 124)
00:17:18.049 [main] DEBUG io.github.bonigarcia.wdm.cache.ResolutionCache -- Storing resolution firefox=124 in cache (valid until 01:17:18 09/04/2024 WEST)
00:17:18.055 [main] DEBUG io.github.bonigarcia.wdm.WebDriverManager -- Driver geckodriver 0.34.0 found in cache
00:17:18.056 [main] INFO io.github.bonigarcia.wdm.WebDriverManager -- Exporting webdriver.gecko.driver as /home/miguel/.cache/selenium/geckodriver/linux64/0.34.0/geckodriver
00:17:18.100 [main] DEBUG io.netty.util.internal.logging.InternalLoggerFactory -- Using SLF4J as the default logging framework
00:17:18.102 [main] DEBUG io.netty.util.ResourceLeakDetector -- -Dio.netty.leakDetection.level: simple
00:17:18.102 [main] DEBUG io.netty.util.ResourceLeakDetector -- -Dio.netty.leakDetection.targetRecords: 4
00:17:18.103 [main] DEBUG io.netty.util.ResourceLeakDetectorFactory -- Loaded default ResourceLeakDetector: io.netty.util.ResourceLeakDetector@3e48e859
00:17:18.110 [main] DEBUG io.netty.util.internal.PlatformDependent0 -- -Dio.netty.noUnsafe: false
00:17:18.110 [main] DEBUG io.netty.util.internal.PlatformDependent0 -- Java version: 17
00:17:18.110 [main] DEBUG io.netty.util.internal.PlatformDependent0 -- sun.misc.Unsafe.theUnsafe: available
00:17:18.111 [main] DEBUG io.netty.util.internal.PlatformDependent0 -- sun.misc.Unsafe.copyMemory: available
00:17:18.111 [main] DEBUG io.netty.util.internal.PlatformDependent0 -- sun.misc.Unsafe.storeFence: available
00:17:18.111 [main] DEBUG io.netty.util.internal.PlatformDependent0 -- java.nio.Buffer.address: available
00:17:18.111 [main] DEBUG io.netty.util.internal.PlatformDependent0 -- direct buffer constructor: unavailable: Reflective setAccessible(true) disabled
00:17:18.111 [main] DEBUG io.netty.util.internal.PlatformDependent0 -- java.nio.Bits.unaligned: available, true
00:17:18.112 [main] DEBUG io.netty.util.internal.PlatformDependent0 -- jdk.internal.misc.Unsafe.allocateUninitializedArray(int): unavailable: class io.netty.util.internal.PlatformDependent0$7 cannot access class jdk.internal.misc.Unsafe (in module java.base) because module java.base does not export jdk.internal.misc to unnamed module @fdc8126
00:17:18.113 [main] DEBUG io.netty.util.internal.PlatformDependent0 -- java.nio.DirectByteBuffer.<init>(long, int): unavailable
00:17:18.113 [main] DEBUG io.netty.util.internal.PlatformDependent -- sun.misc.Unsafe: available
00:17:18.113 [main] DEBUG io.netty.util.internal.PlatformDependent -- maxDirectMemory: 3974103040 bytes (maybe)
00:17:18.113 [main] DEBUG io.netty.util.internal.PlatformDependent -- -Dio.netty.tmpdir: /tmp (java.io.tmpdir)
00:17:18.113 [main] DEBUG io.netty.util.internal.PlatformDependent -- -Dio.netty.bitMode: 64 (sun.arch.data.model)
00:17:18.114 [main] DEBUG io.netty.util.internal.PlatformDependent -- -Dio.netty.maxDirectMemory: -1 bytes
00:17:18.114 [main] DEBUG io.netty.util.internal.PlatformDependent -- -Dio.netty.uninitializedArrayAllocationThreshold: -1
00:17:18.114 [main] DEBUG io.netty.util.internal.CleanerJava9 -- java.nio.ByteBuffer.cleaner(): available
00:17:18.114 [main] DEBUG io.netty.util.internal.PlatformDependent -- -Dio.netty.noPreferDirect: false
00:17:18.117 [main] DEBUG io.netty.util.internal.PlatformDependent -- org.jctools-core.MpscChunkedArrayQueue: available
00:17:18.126 [main] DEBUG io.netty.util.internal.InternalThreadLocalMap -- -Dio.netty.threadLocalMap.stringBuilder.initialSize: 1024
00:17:18.126 [main] DEBUG io.netty.util.internal.InternalThreadLocalMap -- -Dio.netty.threadLocalMap.stringBuilder.maxSize: 4096
00:17:18.131 [main] DEBUG io.netty.handler.ssl.JdkSslContext -- Default protocols (JDK): [TLSv1.3, TLSv1.2] 
00:17:18.131 [main] DEBUG io.netty.handler.ssl.JdkSslContext -- Default cipher suites (JDK): [TLS_ECDHE_ECDSA_WITH_AES_256_GCM_SHA384, TLS_ECDHE_ECDSA_WITH_AES_128_GCM_SHA256, TLS_ECDHE_RSA_WITH_AES_128_GCM_SHA256, TLS_ECDHE_RSA_WITH_AES_256_GCM_SHA384, TLS_ECDHE_RSA_WITH_AES_128_CBC_SHA, TLS_ECDHE_RSA_WITH_AES_256_CBC_SHA, TLS_RSA_WITH_AES_128_GCM_SHA256, TLS_RSA_WITH_AES_128_CBC_SHA, TLS_RSA_WITH_AES_256_CBC_SHA, TLS_AES_128_GCM_SHA256, TLS_AES_256_GCM_SHA384]
00:17:18.145 [main] DEBUG io.netty.channel.MultithreadEventLoopGroup -- -Dio.netty.eventLoopThreads: 32
00:17:18.150 [main] DEBUG io.netty.channel.nio.NioEventLoop -- -Dio.netty.noKeySetOptimization: false
00:17:18.150 [main] DEBUG io.netty.channel.nio.NioEventLoop -- -Dio.netty.selectorAutoRebuildThreshold: 512
00:17:18.165 [main] DEBUG io.netty.buffer.PooledByteBufAllocator -- -Dio.netty.allocator.numHeapArenas: 32
00:17:18.165 [main] DEBUG io.netty.buffer.PooledByteBufAllocator -- -Dio.netty.allocator.numDirectArenas: 32
00:17:18.166 [main] DEBUG io.netty.buffer.PooledByteBufAllocator -- -Dio.netty.allocator.pageSize: 8192
00:17:18.166 [main] DEBUG io.netty.buffer.PooledByteBufAllocator -- -Dio.netty.allocator.maxOrder: 9
00:17:18.166 [main] DEBUG io.netty.buffer.PooledByteBufAllocator -- -Dio.netty.allocator.chunkSize: 4194304
00:17:18.166 [main] DEBUG io.netty.buffer.PooledByteBufAllocator -- -Dio.netty.allocator.smallCacheSize: 256
00:17:18.166 [main] DEBUG io.netty.buffer.PooledByteBufAllocator -- -Dio.netty.allocator.normalCacheSize: 64
00:17:18.166 [main] DEBUG io.netty.buffer.PooledByteBufAllocator -- -Dio.netty.allocator.maxCachedBufferCapacity: 32768
00:17:18.166 [main] DEBUG io.netty.buffer.PooledByteBufAllocator -- -Dio.netty.allocator.cacheTrimInterval: 8192
00:17:18.166 [main] DEBUG io.netty.buffer.PooledByteBufAllocator -- -Dio.netty.allocator.cacheTrimIntervalMillis: 0
00:17:18.166 [main] DEBUG io.netty.buffer.PooledByteBufAllocator -- -Dio.netty.allocator.useCacheForAllThreads: false
00:17:18.166 [main] DEBUG io.netty.buffer.PooledByteBufAllocator -- -Dio.netty.allocator.maxCachedByteBuffersPerChunk: 1023
00:17:18.174 [main] DEBUG io.netty.buffer.ByteBufUtil -- -Dio.netty.allocator.type: pooled
00:17:18.174 [main] DEBUG io.netty.buffer.ByteBufUtil -- -Dio.netty.threadLocalDirectBufferSize: 0
00:17:18.174 [main] DEBUG io.netty.buffer.ByteBufUtil -- -Dio.netty.maxThreadLocalCharBufferSize: 16384
00:17:18.311 [Forwarding newSession on session null to remote] DEBUG io.netty.channel.DefaultChannelId -- -Dio.netty.processId: 59305 (auto-detected)
00:17:18.312 [Forwarding newSession on session null to remote] DEBUG io.netty.util.NetUtil -- -Djava.net.preferIPv4Stack: false
00:17:18.312 [Forwarding newSession on session null to remote] DEBUG io.netty.util.NetUtil -- -Djava.net.preferIPv6Addresses: false
00:17:18.313 [Forwarding newSession on session null to remote] DEBUG io.netty.util.NetUtilInitializations -- Loopback interface: lo (lo, 0:0:0:0:0:0:0:1%lo)
00:17:18.313 [Forwarding newSession on session null to remote] DEBUG io.netty.util.NetUtil -- /proc/sys/net/core/somaxconn: 4096
00:17:18.314 [Forwarding newSession on session null to remote] DEBUG io.netty.channel.DefaultChannelId -- -Dio.netty.machineId: 14:ac:60:ff:fe:32:a6:09 (auto-detected)
00:17:18.333 [AsyncHttpClient-1-2] DEBUG io.netty.buffer.AbstractByteBuf -- -Dio.netty.buffer.checkAccessible: true
00:17:18.333 [AsyncHttpClient-1-2] DEBUG io.netty.buffer.AbstractByteBuf -- -Dio.netty.buffer.checkBounds: true
00:17:18.333 [AsyncHttpClient-1-2] DEBUG io.netty.util.ResourceLeakDetectorFactory -- Loaded default ResourceLeakDetector: io.netty.util.ResourceLeakDetector@7058a394
00:17:18.338 [AsyncHttpClient-1-2] DEBUG org.asynchttpclient.netty.channel.NettyConnectListener -- Using new Channel '[id: 0xbd5d8d77, L:/127.0.0.1:54246 - R:localhost/127.0.0.1:15184]' for 'POST' to '/session'
00:17:18.344 [AsyncHttpClient-1-2] DEBUG io.netty.util.Recycler -- -Dio.netty.recycler.maxCapacityPerThread: 4096
00:17:18.344 [AsyncHttpClient-1-2] DEBUG io.netty.util.Recycler -- -Dio.netty.recycler.ratio: 8
00:17:18.344 [AsyncHttpClient-1-2] DEBUG io.netty.util.Recycler -- -Dio.netty.recycler.chunkSize: 32
00:17:18.344 [AsyncHttpClient-1-2] DEBUG io.netty.util.Recycler -- -Dio.netty.recycler.blocking: false
00:17:19.962 [AsyncHttpClient-1-2] DEBUG io.netty.handler.codec.compression.Brotli -- brotli4j not in the classpath; Brotli support will be unavailable.
00:17:19.963 [AsyncHttpClient-1-2] DEBUG org.asynchttpclient.netty.handler.HttpHandler -- 

Request DefaultHttpRequest(decodeResult: success, version: HTTP/1.1)
POST /session HTTP/1.1
User-Agent: selenium/4.8.1 (java unix)
Content-Length: 587
Content-Type: application/json; charset=utf-8
host: localhost:15184
accept: */*

Response DefaultHttpResponse(decodeResult: success, version: HTTP/1.1)
HTTP/1.1 200 OK
content-type: application/json; charset=utf-8
cache-control: no-cache
content-length: 720
date: Mon, 08 Apr 2024 23:17:18 GMT

00:17:19.967 [AsyncHttpClient-1-2] DEBUG org.asynchttpclient.netty.channel.ChannelManager -- Adding key: http://localhost:15184 for channel [id: 0xbd5d8d77, L:/127.0.0.1:54246 - R:localhost/127.0.0.1:15184]
00:17:20.000 [AsyncHttpClient-1-3] DEBUG org.asynchttpclient.netty.channel.NettyConnectListener -- Using new Channel '[id: 0xa1256bc0, L:/127.0.0.1:54978 - R:/127.0.0.1:4912]' for 'GET' to '/json/version'
00:17:20.003 [AsyncHttpClient-1-3] DEBUG org.asynchttpclient.netty.handler.HttpHandler -- 

Request DefaultFullHttpRequest(decodeResult: success, version: HTTP/1.1, content: EmptyByteBufBE)
GET /json/version HTTP/1.1
User-Agent: selenium/4.8.1 (java unix)
host: 127.0.0.1:4912
accept: */*

Response DefaultHttpResponse(decodeResult: success, version: HTTP/1.1)
HTTP/1.1 200 OK
content-type: application/json
content-security-policy: frame-ancestors 'none'
connection: close
server: httpd.js
date: Mon, 08 Apr 2024 23:17:20 GMT

00:17:20.004 [AsyncHttpClient-1-3] DEBUG org.asynchttpclient.netty.channel.ChannelManager -- Closing Channel [id: 0xa1256bc0, L:/127.0.0.1:54978 ! R:/127.0.0.1:4912] 
00:17:20.004 [AsyncHttpClient-1-3] DEBUG org.asynchttpclient.netty.handler.HttpHandler -- Channel Closed: [id: 0xa1256bc0, L:/127.0.0.1:54978 ! R:/127.0.0.1:4912] with attribute DISCARD
00:17:20.010 [Forwarding get on session c62d4134-f1a5-45df-8ca9-c9a1229b9dbc to remote] DEBUG org.asynchttpclient.netty.request.NettyRequestSender -- Using pooled Channel '[id: 0xbd5d8d77, L:/127.0.0.1:54246 - R:localhost/127.0.0.1:15184]' for 'POST' to 'http://localhost:15184/session/c62d4134-f1a5-45df-8ca9-c9a1229b9dbc/url'
00:17:20.010 [Forwarding get on session c62d4134-f1a5-45df-8ca9-c9a1229b9dbc to remote] DEBUG org.asynchttpclient.netty.request.NettyRequestSender -- Using open Channel [id: 0xbd5d8d77, L:/127.0.0.1:54246 - R:localhost/127.0.0.1:15184] for POST '/session/c62d4134-f1a5-45df-8ca9-c9a1229b9dbc/url'
00:17:20.419 [AsyncHttpClient-1-2] DEBUG org.asynchttpclient.netty.handler.HttpHandler -- 

Request DefaultHttpRequest(decodeResult: success, version: HTTP/1.1)
POST /session/c62d4134-f1a5-45df-8ca9-c9a1229b9dbc/url HTTP/1.1
User-Agent: selenium/4.8.1 (java unix)
Content-Length: 46
Content-Type: application/json; charset=utf-8
host: localhost:15184
accept: */*

Response DefaultHttpResponse(decodeResult: success, version: HTTP/1.1)
HTTP/1.1 200 OK
content-type: application/json; charset=utf-8
cache-control: no-cache
content-length: 14
date: Mon, 08 Apr 2024 23:17:19 GMT

00:17:20.420 [AsyncHttpClient-1-2] DEBUG org.asynchttpclient.netty.channel.ChannelManager -- Adding key: http://localhost:15184 for channel [id: 0xbd5d8d77, L:/127.0.0.1:54246 - R:localhost/127.0.0.1:15184]
00:17:20.423 [main] DEBUG com.hw.TripSteps -- Choose departure city Porto and destination city Lisboa
00:17:20.425 [Forwarding findElement on session c62d4134-f1a5-45df-8ca9-c9a1229b9dbc to remote] DEBUG org.asynchttpclient.netty.request.NettyRequestSender -- Using pooled Channel '[id: 0xbd5d8d77, L:/127.0.0.1:54246 - R:localhost/127.0.0.1:15184]' for 'POST' to 'http://localhost:15184/session/c62d4134-f1a5-45df-8ca9-c9a1229b9dbc/element'
00:17:20.425 [Forwarding findElement on session c62d4134-f1a5-45df-8ca9-c9a1229b9dbc to remote] DEBUG org.asynchttpclient.netty.request.NettyRequestSender -- Using open Channel [id: 0xbd5d8d77, L:/127.0.0.1:54246 - R:localhost/127.0.0.1:15184] for POST '/session/c62d4134-f1a5-45df-8ca9-c9a1229b9dbc/element'
00:17:20.435 [AsyncHttpClient-1-2] DEBUG org.asynchttpclient.netty.handler.HttpHandler -- 

Request DefaultHttpRequest(decodeResult: success, version: HTTP/1.1)
POST /session/c62d4134-f1a5-45df-8ca9-c9a1229b9dbc/element HTTP/1.1
User-Agent: selenium/4.8.1 (java unix)
Content-Length: 56
Content-Type: application/json; charset=utf-8
host: localhost:15184
accept: */*

Response DefaultHttpResponse(decodeResult: success, version: HTTP/1.1)
HTTP/1.1 200 OK
content-type: application/json; charset=utf-8
cache-control: no-cache
content-length: 88
date: Mon, 08 Apr 2024 23:17:19 GMT

00:17:20.436 [AsyncHttpClient-1-2] DEBUG org.asynchttpclient.netty.channel.ChannelManager -- Adding key: http://localhost:15184 for channel [id: 0xbd5d8d77, L:/127.0.0.1:54246 - R:localhost/127.0.0.1:15184]
00:17:20.439 [Forwarding sendKeysToElement on session c62d4134-f1a5-45df-8ca9-c9a1229b9dbc to remote] DEBUG org.asynchttpclient.netty.request.NettyRequestSender -- Using pooled Channel '[id: 0xbd5d8d77, L:/127.0.0.1:54246 - R:localhost/127.0.0.1:15184]' for 'POST' to 'http://localhost:15184/session/c62d4134-f1a5-45df-8ca9-c9a1229b9dbc/element/60fafa5a-6544-4609-b9fe-aedbd5e8f879/value'
00:17:20.439 [Forwarding sendKeysToElement on session c62d4134-f1a5-45df-8ca9-c9a1229b9dbc to remote] DEBUG org.asynchttpclient.netty.request.NettyRequestSender -- Using open Channel [id: 0xbd5d8d77, L:/127.0.0.1:54246 - R:localhost/127.0.0.1:15184] for POST '/session/c62d4134-f1a5-45df-8ca9-c9a1229b9dbc/element/60fafa5a-6544-4609-b9fe-aedbd5e8f879/value'
00:17:20.474 [AsyncHttpClient-1-2] DEBUG org.asynchttpclient.netty.handler.HttpHandler -- 

Request DefaultHttpRequest(decodeResult: success, version: HTTP/1.1)
POST /session/c62d4134-f1a5-45df-8ca9-c9a1229b9dbc/element/60fafa5a-6544-4609-b9fe-aedbd5e8f879/value HTTP/1.1
User-Agent: selenium/4.8.1 (java unix)
Content-Length: 131
Content-Type: application/json; charset=utf-8
host: localhost:15184
accept: */*

Response DefaultHttpResponse(decodeResult: success, version: HTTP/1.1)
HTTP/1.1 200 OK
content-type: application/json; charset=utf-8
cache-control: no-cache
content-length: 14
date: Mon, 08 Apr 2024 23:17:19 GMT

00:17:20.474 [AsyncHttpClient-1-2] DEBUG org.asynchttpclient.netty.channel.ChannelManager -- Adding key: http://localhost:15184 for channel [id: 0xbd5d8d77, L:/127.0.0.1:54246 - R:localhost/127.0.0.1:15184]
00:17:20.476 [Forwarding findElement on session c62d4134-f1a5-45df-8ca9-c9a1229b9dbc to remote] DEBUG org.asynchttpclient.netty.request.NettyRequestSender -- Using pooled Channel '[id: 0xbd5d8d77, L:/127.0.0.1:54246 - R:localhost/127.0.0.1:15184]' for 'POST' to 'http://localhost:15184/session/c62d4134-f1a5-45df-8ca9-c9a1229b9dbc/element'
00:17:20.476 [Forwarding findElement on session c62d4134-f1a5-45df-8ca9-c9a1229b9dbc to remote] DEBUG org.asynchttpclient.netty.request.NettyRequestSender -- Using open Channel [id: 0xbd5d8d77, L:/127.0.0.1:54246 - R:localhost/127.0.0.1:15184] for POST '/session/c62d4134-f1a5-45df-8ca9-c9a1229b9dbc/element'
00:17:20.478 [AsyncHttpClient-1-2] DEBUG org.asynchttpclient.netty.handler.HttpHandler -- 

Request DefaultHttpRequest(decodeResult: success, version: HTTP/1.1)
POST /session/c62d4134-f1a5-45df-8ca9-c9a1229b9dbc/element HTTP/1.1
User-Agent: selenium/4.8.1 (java unix)
Content-Length: 63
Content-Type: application/json; charset=utf-8
host: localhost:15184
accept: */*

Response DefaultHttpResponse(decodeResult: success, version: HTTP/1.1)
HTTP/1.1 200 OK
content-type: application/json; charset=utf-8
cache-control: no-cache
content-length: 88
date: Mon, 08 Apr 2024 23:17:19 GMT

00:17:20.478 [AsyncHttpClient-1-2] DEBUG org.asynchttpclient.netty.channel.ChannelManager -- Adding key: http://localhost:15184 for channel [id: 0xbd5d8d77, L:/127.0.0.1:54246 - R:localhost/127.0.0.1:15184]
00:17:20.480 [Forwarding sendKeysToElement on session c62d4134-f1a5-45df-8ca9-c9a1229b9dbc to remote] DEBUG org.asynchttpclient.netty.request.NettyRequestSender -- Using pooled Channel '[id: 0xbd5d8d77, L:/127.0.0.1:54246 - R:localhost/127.0.0.1:15184]' for 'POST' to 'http://localhost:15184/session/c62d4134-f1a5-45df-8ca9-c9a1229b9dbc/element/db90449e-c3a5-497b-95a2-873de47ff74a/value'
00:17:20.480 [Forwarding sendKeysToElement on session c62d4134-f1a5-45df-8ca9-c9a1229b9dbc to remote] DEBUG org.asynchttpclient.netty.request.NettyRequestSender -- Using open Channel [id: 0xbd5d8d77, L:/127.0.0.1:54246 - R:localhost/127.0.0.1:15184] for POST '/session/c62d4134-f1a5-45df-8ca9-c9a1229b9dbc/element/db90449e-c3a5-497b-95a2-873de47ff74a/value'
00:17:20.486 [AsyncHttpClient-1-2] DEBUG org.asynchttpclient.netty.handler.HttpHandler -- 

Request DefaultHttpRequest(decodeResult: success, version: HTTP/1.1)
POST /session/c62d4134-f1a5-45df-8ca9-c9a1229b9dbc/element/db90449e-c3a5-497b-95a2-873de47ff74a/value HTTP/1.1
User-Agent: selenium/4.8.1 (java unix)
Content-Length: 141
Content-Type: application/json; charset=utf-8
host: localhost:15184
accept: */*

Response DefaultHttpResponse(decodeResult: success, version: HTTP/1.1)
HTTP/1.1 200 OK
content-type: application/json; charset=utf-8
cache-control: no-cache
content-length: 14
date: Mon, 08 Apr 2024 23:17:19 GMT

00:17:20.486 [AsyncHttpClient-1-2] DEBUG org.asynchttpclient.netty.channel.ChannelManager -- Adding key: http://localhost:15184 for channel [id: 0xbd5d8d77, L:/127.0.0.1:54246 - R:localhost/127.0.0.1:15184]
00:17:20.487 [main] DEBUG com.hw.TripSteps -- Click Find Flights button
00:17:20.487 [Forwarding findElement on session c62d4134-f1a5-45df-8ca9-c9a1229b9dbc to remote] DEBUG org.asynchttpclient.netty.request.NettyRequestSender -- Using pooled Channel '[id: 0xbd5d8d77, L:/127.0.0.1:54246 - R:localhost/127.0.0.1:15184]' for 'POST' to 'http://localhost:15184/session/c62d4134-f1a5-45df-8ca9-c9a1229b9dbc/element'
00:17:20.487 [Forwarding findElement on session c62d4134-f1a5-45df-8ca9-c9a1229b9dbc to remote] DEBUG org.asynchttpclient.netty.request.NettyRequestSender -- Using open Channel [id: 0xbd5d8d77, L:/127.0.0.1:54246 - R:localhost/127.0.0.1:15184] for POST '/session/c62d4134-f1a5-45df-8ca9-c9a1229b9dbc/element'
00:17:20.490 [AsyncHttpClient-1-2] DEBUG org.asynchttpclient.netty.handler.HttpHandler -- 

Request DefaultHttpRequest(decodeResult: success, version: HTTP/1.1)
POST /session/c62d4134-f1a5-45df-8ca9-c9a1229b9dbc/element HTTP/1.1
User-Agent: selenium/4.8.1 (java unix)
Content-Length: 67
Content-Type: application/json; charset=utf-8
host: localhost:15184
accept: */*

Response DefaultHttpResponse(decodeResult: success, version: HTTP/1.1)
HTTP/1.1 200 OK
content-type: application/json; charset=utf-8
cache-control: no-cache
content-length: 88
date: Mon, 08 Apr 2024 23:17:19 GMT

00:17:20.490 [AsyncHttpClient-1-2] DEBUG org.asynchttpclient.netty.channel.ChannelManager -- Adding key: http://localhost:15184 for channel [id: 0xbd5d8d77, L:/127.0.0.1:54246 - R:localhost/127.0.0.1:15184]
00:17:20.491 [Forwarding clickElement on session c62d4134-f1a5-45df-8ca9-c9a1229b9dbc to remote] DEBUG org.asynchttpclient.netty.request.NettyRequestSender -- Using pooled Channel '[id: 0xbd5d8d77, L:/127.0.0.1:54246 - R:localhost/127.0.0.1:15184]' for 'POST' to 'http://localhost:15184/session/c62d4134-f1a5-45df-8ca9-c9a1229b9dbc/element/33094983-3f9c-4253-a562-0f4295497759/click'
00:17:20.491 [Forwarding clickElement on session c62d4134-f1a5-45df-8ca9-c9a1229b9dbc to remote] DEBUG org.asynchttpclient.netty.request.NettyRequestSender -- Using open Channel [id: 0xbd5d8d77, L:/127.0.0.1:54246 - R:localhost/127.0.0.1:15184] for POST '/session/c62d4134-f1a5-45df-8ca9-c9a1229b9dbc/element/33094983-3f9c-4253-a562-0f4295497759/click'
00:17:20.703 [AsyncHttpClient-1-2] DEBUG org.asynchttpclient.netty.handler.HttpHandler -- 

Request DefaultHttpRequest(decodeResult: success, version: HTTP/1.1)
POST /session/c62d4134-f1a5-45df-8ca9-c9a1229b9dbc/element/33094983-3f9c-4253-a562-0f4295497759/click HTTP/1.1
User-Agent: selenium/4.8.1 (java unix)
Content-Length: 50
Content-Type: application/json; charset=utf-8
host: localhost:15184
accept: */*

Response DefaultHttpResponse(decodeResult: success, version: HTTP/1.1)
HTTP/1.1 200 OK
content-type: application/json; charset=utf-8
cache-control: no-cache
content-length: 14
date: Mon, 08 Apr 2024 23:17:19 GMT

00:17:20.704 [AsyncHttpClient-1-2] DEBUG org.asynchttpclient.netty.channel.ChannelManager -- Adding key: http://localhost:15184 for channel [id: 0xbd5d8d77, L:/127.0.0.1:54246 - R:localhost/127.0.0.1:15184]
00:17:20.705 [main] DEBUG com.hw.TripSteps -- Choose a trip and click the button
00:17:20.706 [Forwarding findElement on session c62d4134-f1a5-45df-8ca9-c9a1229b9dbc to remote] DEBUG org.asynchttpclient.netty.request.NettyRequestSender -- Using pooled Channel '[id: 0xbd5d8d77, L:/127.0.0.1:54246 - R:localhost/127.0.0.1:15184]' for 'POST' to 'http://localhost:15184/session/c62d4134-f1a5-45df-8ca9-c9a1229b9dbc/element'
00:17:20.706 [Forwarding findElement on session c62d4134-f1a5-45df-8ca9-c9a1229b9dbc to remote] DEBUG org.asynchttpclient.netty.request.NettyRequestSender -- Using open Channel [id: 0xbd5d8d77, L:/127.0.0.1:54246 - R:localhost/127.0.0.1:15184] for POST '/session/c62d4134-f1a5-45df-8ca9-c9a1229b9dbc/element'
00:17:20.708 [AsyncHttpClient-1-2] DEBUG org.asynchttpclient.netty.handler.HttpHandler -- 

Request DefaultHttpRequest(decodeResult: success, version: HTTP/1.1)
POST /session/c62d4134-f1a5-45df-8ca9-c9a1229b9dbc/element HTTP/1.1
User-Agent: selenium/4.8.1 (java unix)
Content-Length: 62
Content-Type: application/json; charset=utf-8
host: localhost:15184
accept: */*

Response DefaultHttpResponse(decodeResult: success, version: HTTP/1.1)
HTTP/1.1 200 OK
content-type: application/json; charset=utf-8
cache-control: no-cache
content-length: 88
date: Mon, 08 Apr 2024 23:17:19 GMT

00:17:20.708 [AsyncHttpClient-1-2] DEBUG org.asynchttpclient.netty.channel.ChannelManager -- Adding key: http://localhost:15184 for channel [id: 0xbd5d8d77, L:/127.0.0.1:54246 - R:localhost/127.0.0.1:15184]
00:17:20.709 [Forwarding clickElement on session c62d4134-f1a5-45df-8ca9-c9a1229b9dbc to remote] DEBUG org.asynchttpclient.netty.request.NettyRequestSender -- Using pooled Channel '[id: 0xbd5d8d77, L:/127.0.0.1:54246 - R:localhost/127.0.0.1:15184]' for 'POST' to 'http://localhost:15184/session/c62d4134-f1a5-45df-8ca9-c9a1229b9dbc/element/d688c2d7-4cca-4136-81f9-879383242f2e/click'
00:17:20.710 [Forwarding clickElement on session c62d4134-f1a5-45df-8ca9-c9a1229b9dbc to remote] DEBUG org.asynchttpclient.netty.request.NettyRequestSender -- Using open Channel [id: 0xbd5d8d77, L:/127.0.0.1:54246 - R:localhost/127.0.0.1:15184] for POST '/session/c62d4134-f1a5-45df-8ca9-c9a1229b9dbc/element/d688c2d7-4cca-4136-81f9-879383242f2e/click'
00:17:20.931 [AsyncHttpClient-1-2] DEBUG org.asynchttpclient.netty.handler.HttpHandler -- 

Request DefaultHttpRequest(decodeResult: success, version: HTTP/1.1)
POST /session/c62d4134-f1a5-45df-8ca9-c9a1229b9dbc/element/d688c2d7-4cca-4136-81f9-879383242f2e/click HTTP/1.1
User-Agent: selenium/4.8.1 (java unix)
Content-Length: 50
Content-Type: application/json; charset=utf-8
host: localhost:15184
accept: */*

Response DefaultHttpResponse(decodeResult: success, version: HTTP/1.1)
HTTP/1.1 200 OK
content-type: application/json; charset=utf-8
cache-control: no-cache
content-length: 14
date: Mon, 08 Apr 2024 23:17:19 GMT

00:17:20.931 [AsyncHttpClient-1-2] DEBUG org.asynchttpclient.netty.channel.ChannelManager -- Adding key: http://localhost:15184 for channel [id: 0xbd5d8d77, L:/127.0.0.1:54246 - R:localhost/127.0.0.1:15184]
00:17:20.932 [main] DEBUG com.hw.TripSteps -- Fill in name as Miguel
00:17:20.933 [Forwarding findElement on session c62d4134-f1a5-45df-8ca9-c9a1229b9dbc to remote] DEBUG org.asynchttpclient.netty.request.NettyRequestSender -- Using pooled Channel '[id: 0xbd5d8d77, L:/127.0.0.1:54246 - R:localhost/127.0.0.1:15184]' for 'POST' to 'http://localhost:15184/session/c62d4134-f1a5-45df-8ca9-c9a1229b9dbc/element'
00:17:20.933 [Forwarding findElement on session c62d4134-f1a5-45df-8ca9-c9a1229b9dbc to remote] DEBUG org.asynchttpclient.netty.request.NettyRequestSender -- Using open Channel [id: 0xbd5d8d77, L:/127.0.0.1:54246 - R:localhost/127.0.0.1:15184] for POST '/session/c62d4134-f1a5-45df-8ca9-c9a1229b9dbc/element'
00:17:20.936 [AsyncHttpClient-1-2] DEBUG org.asynchttpclient.netty.handler.HttpHandler -- 

Request DefaultHttpRequest(decodeResult: success, version: HTTP/1.1)
POST /session/c62d4134-f1a5-45df-8ca9-c9a1229b9dbc/element HTTP/1.1
User-Agent: selenium/4.8.1 (java unix)
Content-Length: 49
Content-Type: application/json; charset=utf-8
host: localhost:15184
accept: */*

Response DefaultHttpResponse(decodeResult: success, version: HTTP/1.1)
HTTP/1.1 200 OK
content-type: application/json; charset=utf-8
cache-control: no-cache
content-length: 88
date: Mon, 08 Apr 2024 23:17:19 GMT

00:17:20.936 [AsyncHttpClient-1-2] DEBUG org.asynchttpclient.netty.channel.ChannelManager -- Adding key: http://localhost:15184 for channel [id: 0xbd5d8d77, L:/127.0.0.1:54246 - R:localhost/127.0.0.1:15184]
00:17:20.938 [Forwarding sendKeysToElement on session c62d4134-f1a5-45df-8ca9-c9a1229b9dbc to remote] DEBUG org.asynchttpclient.netty.request.NettyRequestSender -- Using pooled Channel '[id: 0xbd5d8d77, L:/127.0.0.1:54246 - R:localhost/127.0.0.1:15184]' for 'POST' to 'http://localhost:15184/session/c62d4134-f1a5-45df-8ca9-c9a1229b9dbc/element/46962acc-42b8-4bb3-a0d1-0a79d5e9b855/value'
00:17:20.938 [Forwarding sendKeysToElement on session c62d4134-f1a5-45df-8ca9-c9a1229b9dbc to remote] DEBUG org.asynchttpclient.netty.request.NettyRequestSender -- Using open Channel [id: 0xbd5d8d77, L:/127.0.0.1:54246 - R:localhost/127.0.0.1:15184] for POST '/session/c62d4134-f1a5-45df-8ca9-c9a1229b9dbc/element/46962acc-42b8-4bb3-a0d1-0a79d5e9b855/value'
00:17:20.953 [AsyncHttpClient-1-2] DEBUG org.asynchttpclient.netty.handler.HttpHandler -- 

Request DefaultHttpRequest(decodeResult: success, version: HTTP/1.1)
POST /session/c62d4134-f1a5-45df-8ca9-c9a1229b9dbc/element/46962acc-42b8-4bb3-a0d1-0a79d5e9b855/value HTTP/1.1
User-Agent: selenium/4.8.1 (java unix)
Content-Length: 141
Content-Type: application/json; charset=utf-8
host: localhost:15184
accept: */*

Response DefaultHttpResponse(decodeResult: success, version: HTTP/1.1)
HTTP/1.1 200 OK
content-type: application/json; charset=utf-8
cache-control: no-cache
content-length: 14
date: Mon, 08 Apr 2024 23:17:19 GMT

00:17:20.954 [AsyncHttpClient-1-2] DEBUG org.asynchttpclient.netty.channel.ChannelManager -- Adding key: http://localhost:15184 for channel [id: 0xbd5d8d77, L:/127.0.0.1:54246 - R:localhost/127.0.0.1:15184]
00:17:20.955 [main] DEBUG com.hw.TripSteps -- Fill in number of seats as 1
00:17:20.956 [Forwarding findElement on session c62d4134-f1a5-45df-8ca9-c9a1229b9dbc to remote] DEBUG org.asynchttpclient.netty.request.NettyRequestSender -- Using pooled Channel '[id: 0xbd5d8d77, L:/127.0.0.1:54246 - R:localhost/127.0.0.1:15184]' for 'POST' to 'http://localhost:15184/session/c62d4134-f1a5-45df-8ca9-c9a1229b9dbc/element'
00:17:20.956 [Forwarding findElement on session c62d4134-f1a5-45df-8ca9-c9a1229b9dbc to remote] DEBUG org.asynchttpclient.netty.request.NettyRequestSender -- Using open Channel [id: 0xbd5d8d77, L:/127.0.0.1:54246 - R:localhost/127.0.0.1:15184] for POST '/session/c62d4134-f1a5-45df-8ca9-c9a1229b9dbc/element'
00:17:20.957 [AsyncHttpClient-1-2] DEBUG org.asynchttpclient.netty.handler.HttpHandler -- 

Request DefaultHttpRequest(decodeResult: success, version: HTTP/1.1)
POST /session/c62d4134-f1a5-45df-8ca9-c9a1229b9dbc/element HTTP/1.1
User-Agent: selenium/4.8.1 (java unix)
Content-Length: 53
Content-Type: application/json; charset=utf-8
host: localhost:15184
accept: */*

Response DefaultHttpResponse(decodeResult: success, version: HTTP/1.1)
HTTP/1.1 200 OK
content-type: application/json; charset=utf-8
cache-control: no-cache
content-length: 88
date: Mon, 08 Apr 2024 23:17:19 GMT

00:17:20.958 [AsyncHttpClient-1-2] DEBUG org.asynchttpclient.netty.channel.ChannelManager -- Adding key: http://localhost:15184 for channel [id: 0xbd5d8d77, L:/127.0.0.1:54246 - R:localhost/127.0.0.1:15184]
00:17:20.959 [Forwarding sendKeysToElement on session c62d4134-f1a5-45df-8ca9-c9a1229b9dbc to remote] DEBUG org.asynchttpclient.netty.request.NettyRequestSender -- Using pooled Channel '[id: 0xbd5d8d77, L:/127.0.0.1:54246 - R:localhost/127.0.0.1:15184]' for 'POST' to 'http://localhost:15184/session/c62d4134-f1a5-45df-8ca9-c9a1229b9dbc/element/1ed87a07-d3ec-450d-93f4-321e2d9576f8/value'
00:17:20.959 [Forwarding sendKeysToElement on session c62d4134-f1a5-45df-8ca9-c9a1229b9dbc to remote] DEBUG org.asynchttpclient.netty.request.NettyRequestSender -- Using open Channel [id: 0xbd5d8d77, L:/127.0.0.1:54246 - R:localhost/127.0.0.1:15184] for POST '/session/c62d4134-f1a5-45df-8ca9-c9a1229b9dbc/element/1ed87a07-d3ec-450d-93f4-321e2d9576f8/value'
00:17:20.964 [AsyncHttpClient-1-2] DEBUG org.asynchttpclient.netty.handler.HttpHandler -- 

Request DefaultHttpRequest(decodeResult: success, version: HTTP/1.1)
POST /session/c62d4134-f1a5-45df-8ca9-c9a1229b9dbc/element/1ed87a07-d3ec-450d-93f4-321e2d9576f8/value HTTP/1.1
User-Agent: selenium/4.8.1 (java unix)
Content-Length: 91
Content-Type: application/json; charset=utf-8
host: localhost:15184
accept: */*

Response DefaultHttpResponse(decodeResult: success, version: HTTP/1.1)
HTTP/1.1 200 OK
content-type: application/json; charset=utf-8
cache-control: no-cache
content-length: 14
date: Mon, 08 Apr 2024 23:17:20 GMT

00:17:20.964 [AsyncHttpClient-1-2] DEBUG org.asynchttpclient.netty.channel.ChannelManager -- Adding key: http://localhost:15184 for channel [id: 0xbd5d8d77, L:/127.0.0.1:54246 - R:localhost/127.0.0.1:15184]
00:17:20.965 [main] DEBUG com.hw.TripSteps -- Click Submit Reservation button
00:17:20.967 [Forwarding findElement on session c62d4134-f1a5-45df-8ca9-c9a1229b9dbc to remote] DEBUG org.asynchttpclient.netty.request.NettyRequestSender -- Using pooled Channel '[id: 0xbd5d8d77, L:/127.0.0.1:54246 - R:localhost/127.0.0.1:15184]' for 'POST' to 'http://localhost:15184/session/c62d4134-f1a5-45df-8ca9-c9a1229b9dbc/element'
00:17:20.967 [Forwarding findElement on session c62d4134-f1a5-45df-8ca9-c9a1229b9dbc to remote] DEBUG org.asynchttpclient.netty.request.NettyRequestSender -- Using open Channel [id: 0xbd5d8d77, L:/127.0.0.1:54246 - R:localhost/127.0.0.1:15184] for POST '/session/c62d4134-f1a5-45df-8ca9-c9a1229b9dbc/element'
00:17:20.969 [AsyncHttpClient-1-2] DEBUG org.asynchttpclient.netty.handler.HttpHandler -- 

Request DefaultHttpRequest(decodeResult: success, version: HTTP/1.1)
POST /session/c62d4134-f1a5-45df-8ca9-c9a1229b9dbc/element HTTP/1.1
User-Agent: selenium/4.8.1 (java unix)
Content-Length: 67
Content-Type: application/json; charset=utf-8
host: localhost:15184
accept: */*

Response DefaultHttpResponse(decodeResult: success, version: HTTP/1.1)
HTTP/1.1 200 OK
content-type: application/json; charset=utf-8
cache-control: no-cache
content-length: 88
date: Mon, 08 Apr 2024 23:17:20 GMT

00:17:20.970 [AsyncHttpClient-1-2] DEBUG org.asynchttpclient.netty.channel.ChannelManager -- Adding key: http://localhost:15184 for channel [id: 0xbd5d8d77, L:/127.0.0.1:54246 - R:localhost/127.0.0.1:15184]
00:17:20.971 [Forwarding clickElement on session c62d4134-f1a5-45df-8ca9-c9a1229b9dbc to remote] DEBUG org.asynchttpclient.netty.request.NettyRequestSender -- Using pooled Channel '[id: 0xbd5d8d77, L:/127.0.0.1:54246 - R:localhost/127.0.0.1:15184]' for 'POST' to 'http://localhost:15184/session/c62d4134-f1a5-45df-8ca9-c9a1229b9dbc/element/6897dd20-a1c6-4b6a-ae00-3ea69b1c3ece/click'
00:17:20.971 [Forwarding clickElement on session c62d4134-f1a5-45df-8ca9-c9a1229b9dbc to remote] DEBUG org.asynchttpclient.netty.request.NettyRequestSender -- Using open Channel [id: 0xbd5d8d77, L:/127.0.0.1:54246 - R:localhost/127.0.0.1:15184] for POST '/session/c62d4134-f1a5-45df-8ca9-c9a1229b9dbc/element/6897dd20-a1c6-4b6a-ae00-3ea69b1c3ece/click'
00:17:21.186 [AsyncHttpClient-1-2] DEBUG org.asynchttpclient.netty.handler.HttpHandler -- 

Request DefaultHttpRequest(decodeResult: success, version: HTTP/1.1)
POST /session/c62d4134-f1a5-45df-8ca9-c9a1229b9dbc/element/6897dd20-a1c6-4b6a-ae00-3ea69b1c3ece/click HTTP/1.1
User-Agent: selenium/4.8.1 (java unix)
Content-Length: 50
Content-Type: application/json; charset=utf-8
host: localhost:15184
accept: */*

Response DefaultHttpResponse(decodeResult: success, version: HTTP/1.1)
HTTP/1.1 200 OK
content-type: application/json; charset=utf-8
cache-control: no-cache
content-length: 14
date: Mon, 08 Apr 2024 23:17:20 GMT

00:17:21.187 [AsyncHttpClient-1-2] DEBUG org.asynchttpclient.netty.channel.ChannelManager -- Adding key: http://localhost:15184 for channel [id: 0xbd5d8d77, L:/127.0.0.1:54246 - R:localhost/127.0.0.1:15184]
00:17:21.188 [main] DEBUG com.hw.TripSteps -- Verify page title Reservation Confirmation
00:17:21.188 [Forwarding getTitle on session c62d4134-f1a5-45df-8ca9-c9a1229b9dbc to remote] DEBUG org.asynchttpclient.netty.request.NettyRequestSender -- Using pooled Channel '[id: 0xbd5d8d77, L:/127.0.0.1:54246 - R:localhost/127.0.0.1:15184]' for 'GET' to 'http://localhost:15184/session/c62d4134-f1a5-45df-8ca9-c9a1229b9dbc/title'
00:17:21.188 [Forwarding getTitle on session c62d4134-f1a5-45df-8ca9-c9a1229b9dbc to remote] DEBUG org.asynchttpclient.netty.request.NettyRequestSender -- Using open Channel [id: 0xbd5d8d77, L:/127.0.0.1:54246 - R:localhost/127.0.0.1:15184] for GET '/session/c62d4134-f1a5-45df-8ca9-c9a1229b9dbc/title'
00:17:21.189 [AsyncHttpClient-1-2] DEBUG org.asynchttpclient.netty.handler.HttpHandler -- 

Request DefaultFullHttpRequest(decodeResult: success, version: HTTP/1.1, content: EmptyByteBufBE)
GET /session/c62d4134-f1a5-45df-8ca9-c9a1229b9dbc/title HTTP/1.1
User-Agent: selenium/4.8.1 (java unix)
Cache-Control: no-cache
Content-Type: application/json; charset=utf-8
host: localhost:15184
accept: */*

Response DefaultHttpResponse(decodeResult: success, version: HTTP/1.1)
HTTP/1.1 200 OK
content-type: application/json; charset=utf-8
cache-control: no-cache
content-length: 36
date: Mon, 08 Apr 2024 23:17:20 GMT

00:17:21.189 [AsyncHttpClient-1-2] DEBUG org.asynchttpclient.netty.channel.ChannelManager -- Adding key: http://localhost:15184 for channel [id: 0xbd5d8d77, L:/127.0.0.1:54246 - R:localhost/127.0.0.1:15184]
00:17:21.205 [main] DEBUG io.netty.util.internal.ThreadLocalRandom -- -Dio.netty.initialSeedUniquifier: 0xdb1f5e4c66386504
00:17:21.206 [AsyncHttpClient-1-4] DEBUG org.asynchttpclient.netty.channel.NettyConnectListener -- Using new Channel '[id: 0x76382d5b, L:/127.0.0.1:54990 - R:/127.0.0.1:4912]' for 'GET' to '/devtools/browser/e5e6498d-cc94-4446-badd-87c99a6e1756'
00:17:21.211 [AsyncHttpClient-1-4] DEBUG org.asynchttpclient.netty.handler.WebSocketHandler -- 

Request DefaultFullHttpRequest(decodeResult: success, version: HTTP/1.1, content: EmptyByteBufBE)
GET /devtools/browser/e5e6498d-cc94-4446-badd-87c99a6e1756 HTTP/1.1
upgrade: websocket
connection: upgrade
sec-websocket-key: L5FCLCmgBfMY2Xx8ibBSaA==
sec-websocket-version: 13
origin: http://127.0.0.1:4912
host: 127.0.0.1:4912
accept: */*
user-agent: AHC/2.1

Response DefaultHttpResponse(decodeResult: success, version: HTTP/1.1)
HTTP/1.1 101 Switching Protocols
Server: httpd.js
Upgrade: websocket
Connection: Upgrade
Sec-WebSocket-Accept: 7f2QddEduXYCsMCvjmUe+OYuEas=
Content-Length: 0

00:17:21.228 [Driver Command Executor] DEBUG org.asynchttpclient.netty.request.NettyRequestSender -- Using pooled Channel '[id: 0xbd5d8d77, L:/127.0.0.1:54246 - R:localhost/127.0.0.1:15184]' for 'DELETE' to 'http://localhost:15184/session/c62d4134-f1a5-45df-8ca9-c9a1229b9dbc'
00:17:21.229 [Driver Command Executor] DEBUG org.asynchttpclient.netty.request.NettyRequestSender -- Using open Channel [id: 0xbd5d8d77, L:/127.0.0.1:54246 - R:localhost/127.0.0.1:15184] for DELETE '/session/c62d4134-f1a5-45df-8ca9-c9a1229b9dbc'
00:17:21.230 [AsyncHttpClient-1-4] DEBUG org.asynchttpclient.netty.handler.WebSocketHandler -- Channel Closed: [id: 0x76382d5b, L:/127.0.0.1:54990 ! R:/127.0.0.1:4912] with attribute DISCARD
00:17:21.914 [AsyncHttpClient-1-2] DEBUG org.asynchttpclient.netty.handler.HttpHandler -- 

Request DefaultFullHttpRequest(decodeResult: success, version: HTTP/1.1, content: EmptyByteBufBE)
DELETE /session/c62d4134-f1a5-45df-8ca9-c9a1229b9dbc HTTP/1.1
User-Agent: selenium/4.8.1 (java unix)
Content-Type: application/json; charset=utf-8
host: localhost:15184
accept: */*

Response DefaultHttpResponse(decodeResult: success, version: HTTP/1.1)
HTTP/1.1 200 OK
content-type: application/json; charset=utf-8
cache-control: no-cache
content-length: 14
date: Mon, 08 Apr 2024 23:17:20 GMT

00:17:21.914 [AsyncHttpClient-1-2] DEBUG org.asynchttpclient.netty.channel.ChannelManager -- Adding key: http://localhost:15184 for channel [id: 0xbd5d8d77, L:/127.0.0.1:54246 - R:localhost/127.0.0.1:15184]
00:17:21.916 [AsyncHttpClient-1-2] DEBUG org.asynchttpclient.netty.handler.HttpHandler -- Channel Closed: [id: 0xbd5d8d77, L:/127.0.0.1:54246 ! R:localhost/127.0.0.1:15184] with attribute DISCARD
]]></system-out>
    <system-err><![CDATA[1712618238200	geckodriver	INFO	Listening on 127.0.0.1:15184
1712618238356	mozrunner::runner	INFO	Running command: MOZ_CRASHREPORTER="1" MOZ_CRASHREPORTER_NO_REPORT="1" MOZ_CRASHREPORTER_SHUTDOWN="1" MOZ_NO_REMOTE="1" "/usr ... gins" "http://127.0.0.1:4912/,http://localhost:4912/,http://[::1]:4912/" "-no-remote" "-profile" "/tmp/rust_mozprofileOYMHye"
console.warn: services.settings: Ignoring preference override of remote settings server
console.warn: services.settings: Allow by setting MOZ_REMOTE_SETTINGS_DEVTOOLS=1 in the environment
1712618238713	Marionette	INFO	Marionette enabled
console.error: "Warning: unrecognized command line flag" "-ignore-ssl-errors"
ATTENTION: default value of option mesa_glthread overridden by environment.
1712618238858	Marionette	INFO	Listening on port 40827
Read port: 40827
WebDriver BiDi listening on ws://127.0.0.1:4912
1712618239083	RemoteAgent	WARN	TLS certificate errors will be ignored for this session
console.error: ({})
DevTools listening on ws://127.0.0.1:4912/devtools/browser/e5e6498d-cc94-4446-badd-87c99a6e1756
console.warn: LoginRecipes: "Falling back to a synchronous message for: http://localhost:4200."
console.warn: LoginRecipes: "Falling back to a synchronous message for: http://localhost:4200."
1712618241210	RemoteAgent	INFO	Perform WebSocket upgrade for incoming connection from 127.0.0.1:54990
1712618241212	CDP	WARN	Invalid browser preferences for CDP. Set "fission.webContentIsolationStrategy"to 0 and "fission.bfcacheInParent" to false before Firefox starts.
1712618241230	Marionette	INFO	Stopped listening on port 40827
[Parent 59366, IPC I/O Parent] WARNING: waitid failed pid:59685 errno:10: file /builds/worker/checkouts/gecko/ipc/chromium/src/base/process_util_posix.cc:244
[Parent 59366, IPC I/O Parent] WARNING: waitid failed pid:59680 errno:10: file /builds/worker/checkouts/gecko/ipc/chromium/src/base/process_util_posix.cc:244
[Parent 59366, IPC I/O Parent] WARNING: waitid failed pid:59690 errno:10: file /builds/worker/checkouts/gecko/ipc/chromium/src/base/process_util_posix.cc:244
[Parent 59366, IPC I/O Parent] WARNING: waitid failed pid:59648 errno:10: file /builds/worker/checkouts/gecko/ipc/chromium/src/base/process_util_posix.cc:244
[Parent 59366, IPC I/O Parent] WARNING: waitid failed pid:59507 errno:10: file /builds/worker/checkouts/gecko/ipc/chromium/src/base/process_util_posix.cc:244
[Parent 59366, IPC I/O Parent] WARNING: waitid failed pid:59528 errno:10: file /builds/worker/checkouts/gecko/ipc/chromium/src/base/process_util_posix.cc:244
[Parent 59366, IPC I/O Parent] WARNING: waitid failed pid:59474 errno:10: file /builds/worker/checkouts/gecko/ipc/chromium/src/base/process_util_posix.cc:244
]]></system-err>
  </testcase>
</testsuite>