<?xml version="1.0" encoding="UTF-8"?>
<testsuite xmlns:xsi="http://www.w3.org/2001/XMLSchema-instance" xsi:noNamespaceSchemaLocation="https://maven.apache.org/surefire/maven-surefire-plugin/xsd/surefire-test-report-3.0.xsd" version="3.0" name="com.hw.CucumberTest" time="4.453" tests="1" errors="0" skipped="0" failures="0">
  <properties>
[...]
</properties>
  <testcase name="Booking a trip from Mexico City to Cairo" classname="Trips" time="4.406">
    <system-out><![CDATA[21:26:17.912 [main] DEBUG com.hw.TripSteps -- Navigate to http://localhost:4200
21:26:18.074 [main] DEBUG io.github.bonigarcia.wdm.cache.ResolutionCache -- Resolution firefox=124 in cache (valid until 22:23:04 09/04/2024 WEST)
21:26:18.075 [main] DEBUG io.github.bonigarcia.wdm.cache.ResolutionCache -- Resolution firefox124=0.34.0 in cache (valid until 22:49:41 09/04/2024 WEST)
21:26:18.076 [main] INFO io.github.bonigarcia.wdm.WebDriverManager -- Using geckodriver 0.34.0 (resolved driver for Firefox 124)
21:26:18.083 [main] DEBUG io.github.bonigarcia.wdm.WebDriverManager -- Driver geckodriver 0.34.0 found in cache
21:26:18.083 [main] INFO io.github.bonigarcia.wdm.WebDriverManager -- Exporting webdriver.gecko.driver as /home/miguel/.cache/selenium/geckodriver/linux64/0.34.0/geckodriver
21:26:18.117 [main] DEBUG io.netty.util.internal.logging.InternalLoggerFactory -- Using SLF4J as the default logging framework
21:26:18.118 [main] DEBUG io.netty.util.ResourceLeakDetector -- -Dio.netty.leakDetection.level: simple
21:26:18.118 [main] DEBUG io.netty.util.ResourceLeakDetector -- -Dio.netty.leakDetection.targetRecords: 4
21:26:18.120 [main] DEBUG io.netty.util.ResourceLeakDetectorFactory -- Loaded default ResourceLeakDetector: io.netty.util.ResourceLeakDetector@5b43e173
21:26:18.125 [main] DEBUG io.netty.util.internal.PlatformDependent0 -- -Dio.netty.noUnsafe: false
21:26:18.126 [main] DEBUG io.netty.util.internal.PlatformDependent0 -- Java version: 17
21:26:18.126 [main] DEBUG io.netty.util.internal.PlatformDependent0 -- sun.misc.Unsafe.theUnsafe: available
21:26:18.127 [main] DEBUG io.netty.util.internal.PlatformDependent0 -- sun.misc.Unsafe.copyMemory: available
21:26:18.127 [main] DEBUG io.netty.util.internal.PlatformDependent0 -- sun.misc.Unsafe.storeFence: available
21:26:18.127 [main] DEBUG io.netty.util.internal.PlatformDependent0 -- java.nio.Buffer.address: available
21:26:18.127 [main] DEBUG io.netty.util.internal.PlatformDependent0 -- direct buffer constructor: unavailable: Reflective setAccessible(true) disabled
21:26:18.127 [main] DEBUG io.netty.util.internal.PlatformDependent0 -- java.nio.Bits.unaligned: available, true
21:26:18.128 [main] DEBUG io.netty.util.internal.PlatformDependent0 -- jdk.internal.misc.Unsafe.allocateUninitializedArray(int): unavailable: class io.netty.util.internal.PlatformDependent0$7 cannot access class jdk.internal.misc.Unsafe (in module java.base) because module java.base does not export jdk.internal.misc to unnamed module @fdc8126
21:26:18.129 [main] DEBUG io.netty.util.internal.PlatformDependent0 -- java.nio.DirectByteBuffer.<init>(long, int): unavailable
21:26:18.129 [main] DEBUG io.netty.util.internal.PlatformDependent -- sun.misc.Unsafe: available
21:26:18.130 [main] DEBUG io.netty.util.internal.PlatformDependent -- maxDirectMemory: 3974103040 bytes (maybe)
21:26:18.130 [main] DEBUG io.netty.util.internal.PlatformDependent -- -Dio.netty.tmpdir: /tmp (java.io.tmpdir)
21:26:18.130 [main] DEBUG io.netty.util.internal.PlatformDependent -- -Dio.netty.bitMode: 64 (sun.arch.data.model)
21:26:18.131 [main] DEBUG io.netty.util.internal.PlatformDependent -- -Dio.netty.maxDirectMemory: -1 bytes
21:26:18.131 [main] DEBUG io.netty.util.internal.PlatformDependent -- -Dio.netty.uninitializedArrayAllocationThreshold: -1
21:26:18.131 [main] DEBUG io.netty.util.internal.CleanerJava9 -- java.nio.ByteBuffer.cleaner(): available
21:26:18.131 [main] DEBUG io.netty.util.internal.PlatformDependent -- -Dio.netty.noPreferDirect: false
21:26:18.137 [main] DEBUG io.netty.util.internal.PlatformDependent -- org.jctools-core.MpscChunkedArrayQueue: available
21:26:18.145 [main] DEBUG io.netty.util.internal.InternalThreadLocalMap -- -Dio.netty.threadLocalMap.stringBuilder.initialSize: 1024
21:26:18.145 [main] DEBUG io.netty.util.internal.InternalThreadLocalMap -- -Dio.netty.threadLocalMap.stringBuilder.maxSize: 4096
21:26:18.163 [main] DEBUG io.netty.handler.ssl.JdkSslContext -- Default protocols (JDK): [TLSv1.3, TLSv1.2] 
21:26:18.164 [main] DEBUG io.netty.handler.ssl.JdkSslContext -- Default cipher suites (JDK): [TLS_ECDHE_ECDSA_WITH_AES_256_GCM_SHA384, TLS_ECDHE_ECDSA_WITH_AES_128_GCM_SHA256, TLS_ECDHE_RSA_WITH_AES_128_GCM_SHA256, TLS_ECDHE_RSA_WITH_AES_256_GCM_SHA384, TLS_ECDHE_RSA_WITH_AES_128_CBC_SHA, TLS_ECDHE_RSA_WITH_AES_256_CBC_SHA, TLS_RSA_WITH_AES_128_GCM_SHA256, TLS_RSA_WITH_AES_128_CBC_SHA, TLS_RSA_WITH_AES_256_CBC_SHA, TLS_AES_128_GCM_SHA256, TLS_AES_256_GCM_SHA384]
21:26:18.172 [main] DEBUG io.netty.channel.MultithreadEventLoopGroup -- -Dio.netty.eventLoopThreads: 32
21:26:18.175 [main] DEBUG io.netty.channel.nio.NioEventLoop -- -Dio.netty.noKeySetOptimization: false
21:26:18.175 [main] DEBUG io.netty.channel.nio.NioEventLoop -- -Dio.netty.selectorAutoRebuildThreshold: 512
21:26:18.184 [main] DEBUG io.netty.buffer.PooledByteBufAllocator -- -Dio.netty.allocator.numHeapArenas: 32
21:26:18.185 [main] DEBUG io.netty.buffer.PooledByteBufAllocator -- -Dio.netty.allocator.numDirectArenas: 32
21:26:18.185 [main] DEBUG io.netty.buffer.PooledByteBufAllocator -- -Dio.netty.allocator.pageSize: 8192
21:26:18.185 [main] DEBUG io.netty.buffer.PooledByteBufAllocator -- -Dio.netty.allocator.maxOrder: 9
21:26:18.185 [main] DEBUG io.netty.buffer.PooledByteBufAllocator -- -Dio.netty.allocator.chunkSize: 4194304
21:26:18.185 [main] DEBUG io.netty.buffer.PooledByteBufAllocator -- -Dio.netty.allocator.smallCacheSize: 256
21:26:18.185 [main] DEBUG io.netty.buffer.PooledByteBufAllocator -- -Dio.netty.allocator.normalCacheSize: 64
21:26:18.185 [main] DEBUG io.netty.buffer.PooledByteBufAllocator -- -Dio.netty.allocator.maxCachedBufferCapacity: 32768
21:26:18.185 [main] DEBUG io.netty.buffer.PooledByteBufAllocator -- -Dio.netty.allocator.cacheTrimInterval: 8192
21:26:18.185 [main] DEBUG io.netty.buffer.PooledByteBufAllocator -- -Dio.netty.allocator.cacheTrimIntervalMillis: 0
21:26:18.185 [main] DEBUG io.netty.buffer.PooledByteBufAllocator -- -Dio.netty.allocator.useCacheForAllThreads: false
21:26:18.185 [main] DEBUG io.netty.buffer.PooledByteBufAllocator -- -Dio.netty.allocator.maxCachedByteBuffersPerChunk: 1023
21:26:18.191 [main] DEBUG io.netty.buffer.ByteBufUtil -- -Dio.netty.allocator.type: pooled
21:26:18.191 [main] DEBUG io.netty.buffer.ByteBufUtil -- -Dio.netty.threadLocalDirectBufferSize: 0
21:26:18.191 [main] DEBUG io.netty.buffer.ByteBufUtil -- -Dio.netty.maxThreadLocalCharBufferSize: 16384
21:26:18.320 [Forwarding newSession on session null to remote] DEBUG io.netty.channel.DefaultChannelId -- -Dio.netty.processId: 87067 (auto-detected)
21:26:18.321 [Forwarding newSession on session null to remote] DEBUG io.netty.util.NetUtil -- -Djava.net.preferIPv4Stack: false
21:26:18.321 [Forwarding newSession on session null to remote] DEBUG io.netty.util.NetUtil -- -Djava.net.preferIPv6Addresses: false
21:26:18.321 [Forwarding newSession on session null to remote] DEBUG io.netty.util.NetUtilInitializations -- Loopback interface: lo (lo, 0:0:0:0:0:0:0:1%lo)
21:26:18.322 [Forwarding newSession on session null to remote] DEBUG io.netty.util.NetUtil -- /proc/sys/net/core/somaxconn: 4096
21:26:18.322 [Forwarding newSession on session null to remote] DEBUG io.netty.channel.DefaultChannelId -- -Dio.netty.machineId: 14:ac:60:ff:fe:32:a6:09 (auto-detected)
21:26:18.341 [AsyncHttpClient-1-2] DEBUG io.netty.buffer.AbstractByteBuf -- -Dio.netty.buffer.checkAccessible: true
21:26:18.341 [AsyncHttpClient-1-2] DEBUG io.netty.buffer.AbstractByteBuf -- -Dio.netty.buffer.checkBounds: true
21:26:18.341 [AsyncHttpClient-1-2] DEBUG io.netty.util.ResourceLeakDetectorFactory -- Loaded default ResourceLeakDetector: io.netty.util.ResourceLeakDetector@4edf5876
21:26:18.348 [AsyncHttpClient-1-2] DEBUG org.asynchttpclient.netty.channel.NettyConnectListener -- Using new Channel '[id: 0x8a8e6733, L:/127.0.0.1:53886 - R:localhost/127.0.0.1:15661]' for 'POST' to '/session'
21:26:18.356 [AsyncHttpClient-1-2] DEBUG io.netty.util.Recycler -- -Dio.netty.recycler.maxCapacityPerThread: 4096
21:26:18.356 [AsyncHttpClient-1-2] DEBUG io.netty.util.Recycler -- -Dio.netty.recycler.ratio: 8
21:26:18.356 [AsyncHttpClient-1-2] DEBUG io.netty.util.Recycler -- -Dio.netty.recycler.chunkSize: 32
21:26:18.356 [AsyncHttpClient-1-2] DEBUG io.netty.util.Recycler -- -Dio.netty.recycler.blocking: false
21:26:20.016 [AsyncHttpClient-1-2] DEBUG io.netty.handler.codec.compression.Brotli -- brotli4j not in the classpath; Brotli support will be unavailable.
21:26:20.016 [AsyncHttpClient-1-2] DEBUG org.asynchttpclient.netty.handler.HttpHandler -- 

Request DefaultHttpRequest(decodeResult: success, version: HTTP/1.1)
POST /session HTTP/1.1
User-Agent: selenium/4.8.1 (java unix)
Content-Length: 587
Content-Type: application/json; charset=utf-8
host: localhost:15661
accept: */*

Response DefaultHttpResponse(decodeResult: success, version: HTTP/1.1)
HTTP/1.1 200 OK
content-type: application/json; charset=utf-8
cache-control: no-cache
content-length: 721
date: Tue, 09 Apr 2024 20:26:18 GMT

21:26:20.018 [AsyncHttpClient-1-2] DEBUG org.asynchttpclient.netty.channel.ChannelManager -- Adding key: http://localhost:15661 for channel [id: 0x8a8e6733, L:/127.0.0.1:53886 - R:localhost/127.0.0.1:15661]
21:26:20.056 [AsyncHttpClient-1-3] DEBUG org.asynchttpclient.netty.channel.NettyConnectListener -- Using new Channel '[id: 0x6b26e46e, L:/127.0.0.1:45046 - R:/127.0.0.1:18856]' for 'GET' to '/json/version'
21:26:20.060 [AsyncHttpClient-1-3] DEBUG org.asynchttpclient.netty.handler.HttpHandler -- 

Request DefaultFullHttpRequest(decodeResult: success, version: HTTP/1.1, content: EmptyByteBufBE)
GET /json/version HTTP/1.1
User-Agent: selenium/4.8.1 (java unix)
host: 127.0.0.1:18856
accept: */*

Response DefaultHttpResponse(decodeResult: success, version: HTTP/1.1)
HTTP/1.1 200 OK
content-type: application/json
content-security-policy: frame-ancestors 'none'
connection: close
server: httpd.js
date: Tue, 09 Apr 2024 20:26:20 GMT

21:26:20.061 [AsyncHttpClient-1-3] DEBUG org.asynchttpclient.netty.channel.ChannelManager -- Closing Channel [id: 0x6b26e46e, L:/127.0.0.1:45046 ! R:/127.0.0.1:18856] 
21:26:20.061 [AsyncHttpClient-1-3] DEBUG org.asynchttpclient.netty.handler.HttpHandler -- Channel Closed: [id: 0x6b26e46e, L:/127.0.0.1:45046 ! R:/127.0.0.1:18856] with attribute DISCARD
21:26:20.067 [Forwarding get on session b7c5f0f3-4ba8-4de0-b8a9-9c774cd254cb to remote] DEBUG org.asynchttpclient.netty.request.NettyRequestSender -- Using pooled Channel '[id: 0x8a8e6733, L:/127.0.0.1:53886 - R:localhost/127.0.0.1:15661]' for 'POST' to 'http://localhost:15661/session/b7c5f0f3-4ba8-4de0-b8a9-9c774cd254cb/url'
21:26:20.067 [Forwarding get on session b7c5f0f3-4ba8-4de0-b8a9-9c774cd254cb to remote] DEBUG org.asynchttpclient.netty.request.NettyRequestSender -- Using open Channel [id: 0x8a8e6733, L:/127.0.0.1:53886 - R:localhost/127.0.0.1:15661] for POST '/session/b7c5f0f3-4ba8-4de0-b8a9-9c774cd254cb/url'
21:26:20.911 [AsyncHttpClient-1-2] DEBUG org.asynchttpclient.netty.handler.HttpHandler -- 

Request DefaultHttpRequest(decodeResult: success, version: HTTP/1.1)
POST /session/b7c5f0f3-4ba8-4de0-b8a9-9c774cd254cb/url HTTP/1.1
User-Agent: selenium/4.8.1 (java unix)
Content-Length: 46
Content-Type: application/json; charset=utf-8
host: localhost:15661
accept: */*

Response DefaultHttpResponse(decodeResult: success, version: HTTP/1.1)
HTTP/1.1 200 OK
content-type: application/json; charset=utf-8
cache-control: no-cache
content-length: 14
date: Tue, 09 Apr 2024 20:26:20 GMT

21:26:20.912 [AsyncHttpClient-1-2] DEBUG org.asynchttpclient.netty.channel.ChannelManager -- Adding key: http://localhost:15661 for channel [id: 0x8a8e6733, L:/127.0.0.1:53886 - R:localhost/127.0.0.1:15661]
21:26:20.915 [main] DEBUG com.hw.TripSteps -- Choose departure city Porto and destination city Lisboa
21:26:20.916 [Forwarding findElement on session b7c5f0f3-4ba8-4de0-b8a9-9c774cd254cb to remote] DEBUG org.asynchttpclient.netty.request.NettyRequestSender -- Using pooled Channel '[id: 0x8a8e6733, L:/127.0.0.1:53886 - R:localhost/127.0.0.1:15661]' for 'POST' to 'http://localhost:15661/session/b7c5f0f3-4ba8-4de0-b8a9-9c774cd254cb/element'
21:26:20.916 [Forwarding findElement on session b7c5f0f3-4ba8-4de0-b8a9-9c774cd254cb to remote] DEBUG org.asynchttpclient.netty.request.NettyRequestSender -- Using open Channel [id: 0x8a8e6733, L:/127.0.0.1:53886 - R:localhost/127.0.0.1:15661] for POST '/session/b7c5f0f3-4ba8-4de0-b8a9-9c774cd254cb/element'
21:26:20.925 [AsyncHttpClient-1-2] DEBUG org.asynchttpclient.netty.handler.HttpHandler -- 

Request DefaultHttpRequest(decodeResult: success, version: HTTP/1.1)
POST /session/b7c5f0f3-4ba8-4de0-b8a9-9c774cd254cb/element HTTP/1.1
User-Agent: selenium/4.8.1 (java unix)
Content-Length: 56
Content-Type: application/json; charset=utf-8
host: localhost:15661
accept: */*

Response DefaultHttpResponse(decodeResult: success, version: HTTP/1.1)
HTTP/1.1 200 OK
content-type: application/json; charset=utf-8
cache-control: no-cache
content-length: 88
date: Tue, 09 Apr 2024 20:26:20 GMT

21:26:20.925 [AsyncHttpClient-1-2] DEBUG org.asynchttpclient.netty.channel.ChannelManager -- Adding key: http://localhost:15661 for channel [id: 0x8a8e6733, L:/127.0.0.1:53886 - R:localhost/127.0.0.1:15661]
21:26:20.936 [Forwarding sendKeysToElement on session b7c5f0f3-4ba8-4de0-b8a9-9c774cd254cb to remote] DEBUG org.asynchttpclient.netty.request.NettyRequestSender -- Using pooled Channel '[id: 0x8a8e6733, L:/127.0.0.1:53886 - R:localhost/127.0.0.1:15661]' for 'POST' to 'http://localhost:15661/session/b7c5f0f3-4ba8-4de0-b8a9-9c774cd254cb/element/48a33b44-8278-4e15-9168-ead97362a458/value'
21:26:20.937 [Forwarding sendKeysToElement on session b7c5f0f3-4ba8-4de0-b8a9-9c774cd254cb to remote] DEBUG org.asynchttpclient.netty.request.NettyRequestSender -- Using open Channel [id: 0x8a8e6733, L:/127.0.0.1:53886 - R:localhost/127.0.0.1:15661] for POST '/session/b7c5f0f3-4ba8-4de0-b8a9-9c774cd254cb/element/48a33b44-8278-4e15-9168-ead97362a458/value'
21:26:20.967 [AsyncHttpClient-1-2] DEBUG org.asynchttpclient.netty.handler.HttpHandler -- 

Request DefaultHttpRequest(decodeResult: success, version: HTTP/1.1)
POST /session/b7c5f0f3-4ba8-4de0-b8a9-9c774cd254cb/element/48a33b44-8278-4e15-9168-ead97362a458/value HTTP/1.1
User-Agent: selenium/4.8.1 (java unix)
Content-Length: 131
Content-Type: application/json; charset=utf-8
host: localhost:15661
accept: */*

Response DefaultHttpResponse(decodeResult: success, version: HTTP/1.1)
HTTP/1.1 200 OK
content-type: application/json; charset=utf-8
cache-control: no-cache
content-length: 14
date: Tue, 09 Apr 2024 20:26:20 GMT

21:26:20.967 [AsyncHttpClient-1-2] DEBUG org.asynchttpclient.netty.channel.ChannelManager -- Adding key: http://localhost:15661 for channel [id: 0x8a8e6733, L:/127.0.0.1:53886 - R:localhost/127.0.0.1:15661]
21:26:20.969 [Forwarding findElement on session b7c5f0f3-4ba8-4de0-b8a9-9c774cd254cb to remote] DEBUG org.asynchttpclient.netty.request.NettyRequestSender -- Using pooled Channel '[id: 0x8a8e6733, L:/127.0.0.1:53886 - R:localhost/127.0.0.1:15661]' for 'POST' to 'http://localhost:15661/session/b7c5f0f3-4ba8-4de0-b8a9-9c774cd254cb/element'
21:26:20.969 [Forwarding findElement on session b7c5f0f3-4ba8-4de0-b8a9-9c774cd254cb to remote] DEBUG org.asynchttpclient.netty.request.NettyRequestSender -- Using open Channel [id: 0x8a8e6733, L:/127.0.0.1:53886 - R:localhost/127.0.0.1:15661] for POST '/session/b7c5f0f3-4ba8-4de0-b8a9-9c774cd254cb/element'
21:26:20.971 [AsyncHttpClient-1-2] DEBUG org.asynchttpclient.netty.handler.HttpHandler -- 

Request DefaultHttpRequest(decodeResult: success, version: HTTP/1.1)
POST /session/b7c5f0f3-4ba8-4de0-b8a9-9c774cd254cb/element HTTP/1.1
User-Agent: selenium/4.8.1 (java unix)
Content-Length: 63
Content-Type: application/json; charset=utf-8
host: localhost:15661
accept: */*

Response DefaultHttpResponse(decodeResult: success, version: HTTP/1.1)
HTTP/1.1 200 OK
content-type: application/json; charset=utf-8
cache-control: no-cache
content-length: 88
date: Tue, 09 Apr 2024 20:26:20 GMT

21:26:20.971 [AsyncHttpClient-1-2] DEBUG org.asynchttpclient.netty.channel.ChannelManager -- Adding key: http://localhost:15661 for channel [id: 0x8a8e6733, L:/127.0.0.1:53886 - R:localhost/127.0.0.1:15661]
21:26:20.973 [Forwarding sendKeysToElement on session b7c5f0f3-4ba8-4de0-b8a9-9c774cd254cb to remote] DEBUG org.asynchttpclient.netty.request.NettyRequestSender -- Using pooled Channel '[id: 0x8a8e6733, L:/127.0.0.1:53886 - R:localhost/127.0.0.1:15661]' for 'POST' to 'http://localhost:15661/session/b7c5f0f3-4ba8-4de0-b8a9-9c774cd254cb/element/4a39505b-8d01-4865-b81e-6918f54bcded/value'
21:26:20.973 [Forwarding sendKeysToElement on session b7c5f0f3-4ba8-4de0-b8a9-9c774cd254cb to remote] DEBUG org.asynchttpclient.netty.request.NettyRequestSender -- Using open Channel [id: 0x8a8e6733, L:/127.0.0.1:53886 - R:localhost/127.0.0.1:15661] for POST '/session/b7c5f0f3-4ba8-4de0-b8a9-9c774cd254cb/element/4a39505b-8d01-4865-b81e-6918f54bcded/value'
21:26:20.978 [AsyncHttpClient-1-2] DEBUG org.asynchttpclient.netty.handler.HttpHandler -- 

Request DefaultHttpRequest(decodeResult: success, version: HTTP/1.1)
POST /session/b7c5f0f3-4ba8-4de0-b8a9-9c774cd254cb/element/4a39505b-8d01-4865-b81e-6918f54bcded/value HTTP/1.1
User-Agent: selenium/4.8.1 (java unix)
Content-Length: 141
Content-Type: application/json; charset=utf-8
host: localhost:15661
accept: */*

Response DefaultHttpResponse(decodeResult: success, version: HTTP/1.1)
HTTP/1.1 200 OK
content-type: application/json; charset=utf-8
cache-control: no-cache
content-length: 14
date: Tue, 09 Apr 2024 20:26:20 GMT

21:26:20.978 [AsyncHttpClient-1-2] DEBUG org.asynchttpclient.netty.channel.ChannelManager -- Adding key: http://localhost:15661 for channel [id: 0x8a8e6733, L:/127.0.0.1:53886 - R:localhost/127.0.0.1:15661]
21:26:20.979 [main] DEBUG com.hw.TripSteps -- Click Find Flights button
21:26:20.980 [Forwarding findElement on session b7c5f0f3-4ba8-4de0-b8a9-9c774cd254cb to remote] DEBUG org.asynchttpclient.netty.request.NettyRequestSender -- Using pooled Channel '[id: 0x8a8e6733, L:/127.0.0.1:53886 - R:localhost/127.0.0.1:15661]' for 'POST' to 'http://localhost:15661/session/b7c5f0f3-4ba8-4de0-b8a9-9c774cd254cb/element'
21:26:20.980 [Forwarding findElement on session b7c5f0f3-4ba8-4de0-b8a9-9c774cd254cb to remote] DEBUG org.asynchttpclient.netty.request.NettyRequestSender -- Using open Channel [id: 0x8a8e6733, L:/127.0.0.1:53886 - R:localhost/127.0.0.1:15661] for POST '/session/b7c5f0f3-4ba8-4de0-b8a9-9c774cd254cb/element'
21:26:20.982 [AsyncHttpClient-1-2] DEBUG org.asynchttpclient.netty.handler.HttpHandler -- 

Request DefaultHttpRequest(decodeResult: success, version: HTTP/1.1)
POST /session/b7c5f0f3-4ba8-4de0-b8a9-9c774cd254cb/element HTTP/1.1
User-Agent: selenium/4.8.1 (java unix)
Content-Length: 67
Content-Type: application/json; charset=utf-8
host: localhost:15661
accept: */*

Response DefaultHttpResponse(decodeResult: success, version: HTTP/1.1)
HTTP/1.1 200 OK
content-type: application/json; charset=utf-8
cache-control: no-cache
content-length: 88
date: Tue, 09 Apr 2024 20:26:20 GMT

21:26:20.982 [AsyncHttpClient-1-2] DEBUG org.asynchttpclient.netty.channel.ChannelManager -- Adding key: http://localhost:15661 for channel [id: 0x8a8e6733, L:/127.0.0.1:53886 - R:localhost/127.0.0.1:15661]
21:26:20.984 [Forwarding clickElement on session b7c5f0f3-4ba8-4de0-b8a9-9c774cd254cb to remote] DEBUG org.asynchttpclient.netty.request.NettyRequestSender -- Using pooled Channel '[id: 0x8a8e6733, L:/127.0.0.1:53886 - R:localhost/127.0.0.1:15661]' for 'POST' to 'http://localhost:15661/session/b7c5f0f3-4ba8-4de0-b8a9-9c774cd254cb/element/bc637f49-02e9-4005-ba90-241c3e41c451/click'
21:26:20.984 [Forwarding clickElement on session b7c5f0f3-4ba8-4de0-b8a9-9c774cd254cb to remote] DEBUG org.asynchttpclient.netty.request.NettyRequestSender -- Using open Channel [id: 0x8a8e6733, L:/127.0.0.1:53886 - R:localhost/127.0.0.1:15661] for POST '/session/b7c5f0f3-4ba8-4de0-b8a9-9c774cd254cb/element/bc637f49-02e9-4005-ba90-241c3e41c451/click'
21:26:21.215 [AsyncHttpClient-1-2] DEBUG org.asynchttpclient.netty.handler.HttpHandler -- 

Request DefaultHttpRequest(decodeResult: success, version: HTTP/1.1)
POST /session/b7c5f0f3-4ba8-4de0-b8a9-9c774cd254cb/element/bc637f49-02e9-4005-ba90-241c3e41c451/click HTTP/1.1
User-Agent: selenium/4.8.1 (java unix)
Content-Length: 50
Content-Type: application/json; charset=utf-8
host: localhost:15661
accept: */*

Response DefaultHttpResponse(decodeResult: success, version: HTTP/1.1)
HTTP/1.1 200 OK
content-type: application/json; charset=utf-8
cache-control: no-cache
content-length: 14
date: Tue, 09 Apr 2024 20:26:20 GMT

21:26:21.216 [AsyncHttpClient-1-2] DEBUG org.asynchttpclient.netty.channel.ChannelManager -- Adding key: http://localhost:15661 for channel [id: 0x8a8e6733, L:/127.0.0.1:53886 - R:localhost/127.0.0.1:15661]
21:26:21.217 [main] DEBUG com.hw.TripSteps -- Choose a trip and click the button
21:26:21.218 [Forwarding findElement on session b7c5f0f3-4ba8-4de0-b8a9-9c774cd254cb to remote] DEBUG org.asynchttpclient.netty.request.NettyRequestSender -- Using pooled Channel '[id: 0x8a8e6733, L:/127.0.0.1:53886 - R:localhost/127.0.0.1:15661]' for 'POST' to 'http://localhost:15661/session/b7c5f0f3-4ba8-4de0-b8a9-9c774cd254cb/element'
21:26:21.218 [Forwarding findElement on session b7c5f0f3-4ba8-4de0-b8a9-9c774cd254cb to remote] DEBUG org.asynchttpclient.netty.request.NettyRequestSender -- Using open Channel [id: 0x8a8e6733, L:/127.0.0.1:53886 - R:localhost/127.0.0.1:15661] for POST '/session/b7c5f0f3-4ba8-4de0-b8a9-9c774cd254cb/element'
21:26:21.220 [AsyncHttpClient-1-2] DEBUG org.asynchttpclient.netty.handler.HttpHandler -- 

Request DefaultHttpRequest(decodeResult: success, version: HTTP/1.1)
POST /session/b7c5f0f3-4ba8-4de0-b8a9-9c774cd254cb/element HTTP/1.1
User-Agent: selenium/4.8.1 (java unix)
Content-Length: 62
Content-Type: application/json; charset=utf-8
host: localhost:15661
accept: */*

Response DefaultHttpResponse(decodeResult: success, version: HTTP/1.1)
HTTP/1.1 200 OK
content-type: application/json; charset=utf-8
cache-control: no-cache
content-length: 88
date: Tue, 09 Apr 2024 20:26:21 GMT

21:26:21.221 [AsyncHttpClient-1-2] DEBUG org.asynchttpclient.netty.channel.ChannelManager -- Adding key: http://localhost:15661 for channel [id: 0x8a8e6733, L:/127.0.0.1:53886 - R:localhost/127.0.0.1:15661]
21:26:21.223 [Forwarding clickElement on session b7c5f0f3-4ba8-4de0-b8a9-9c774cd254cb to remote] DEBUG org.asynchttpclient.netty.request.NettyRequestSender -- Using pooled Channel '[id: 0x8a8e6733, L:/127.0.0.1:53886 - R:localhost/127.0.0.1:15661]' for 'POST' to 'http://localhost:15661/session/b7c5f0f3-4ba8-4de0-b8a9-9c774cd254cb/element/ae828f68-3d9c-4178-b424-62bbb5f3386b/click'
21:26:21.223 [Forwarding clickElement on session b7c5f0f3-4ba8-4de0-b8a9-9c774cd254cb to remote] DEBUG org.asynchttpclient.netty.request.NettyRequestSender -- Using open Channel [id: 0x8a8e6733, L:/127.0.0.1:53886 - R:localhost/127.0.0.1:15661] for POST '/session/b7c5f0f3-4ba8-4de0-b8a9-9c774cd254cb/element/ae828f68-3d9c-4178-b424-62bbb5f3386b/click'
21:26:21.442 [AsyncHttpClient-1-2] DEBUG org.asynchttpclient.netty.handler.HttpHandler -- 

Request DefaultHttpRequest(decodeResult: success, version: HTTP/1.1)
POST /session/b7c5f0f3-4ba8-4de0-b8a9-9c774cd254cb/element/ae828f68-3d9c-4178-b424-62bbb5f3386b/click HTTP/1.1
User-Agent: selenium/4.8.1 (java unix)
Content-Length: 50
Content-Type: application/json; charset=utf-8
host: localhost:15661
accept: */*

Response DefaultHttpResponse(decodeResult: success, version: HTTP/1.1)
HTTP/1.1 200 OK
content-type: application/json; charset=utf-8
cache-control: no-cache
content-length: 14
date: Tue, 09 Apr 2024 20:26:21 GMT

21:26:21.443 [AsyncHttpClient-1-2] DEBUG org.asynchttpclient.netty.channel.ChannelManager -- Adding key: http://localhost:15661 for channel [id: 0x8a8e6733, L:/127.0.0.1:53886 - R:localhost/127.0.0.1:15661]
21:26:21.443 [main] DEBUG com.hw.TripSteps -- Fill in name as Miguel
21:26:21.444 [Forwarding findElement on session b7c5f0f3-4ba8-4de0-b8a9-9c774cd254cb to remote] DEBUG org.asynchttpclient.netty.request.NettyRequestSender -- Using pooled Channel '[id: 0x8a8e6733, L:/127.0.0.1:53886 - R:localhost/127.0.0.1:15661]' for 'POST' to 'http://localhost:15661/session/b7c5f0f3-4ba8-4de0-b8a9-9c774cd254cb/element'
21:26:21.444 [Forwarding findElement on session b7c5f0f3-4ba8-4de0-b8a9-9c774cd254cb to remote] DEBUG org.asynchttpclient.netty.request.NettyRequestSender -- Using open Channel [id: 0x8a8e6733, L:/127.0.0.1:53886 - R:localhost/127.0.0.1:15661] for POST '/session/b7c5f0f3-4ba8-4de0-b8a9-9c774cd254cb/element'
21:26:21.446 [AsyncHttpClient-1-2] DEBUG org.asynchttpclient.netty.handler.HttpHandler -- 

Request DefaultHttpRequest(decodeResult: success, version: HTTP/1.1)
POST /session/b7c5f0f3-4ba8-4de0-b8a9-9c774cd254cb/element HTTP/1.1
User-Agent: selenium/4.8.1 (java unix)
Content-Length: 49
Content-Type: application/json; charset=utf-8
host: localhost:15661
accept: */*

Response DefaultHttpResponse(decodeResult: success, version: HTTP/1.1)
HTTP/1.1 200 OK
content-type: application/json; charset=utf-8
cache-control: no-cache
content-length: 88
date: Tue, 09 Apr 2024 20:26:21 GMT

21:26:21.446 [AsyncHttpClient-1-2] DEBUG org.asynchttpclient.netty.channel.ChannelManager -- Adding key: http://localhost:15661 for channel [id: 0x8a8e6733, L:/127.0.0.1:53886 - R:localhost/127.0.0.1:15661]
21:26:21.448 [Forwarding sendKeysToElement on session b7c5f0f3-4ba8-4de0-b8a9-9c774cd254cb to remote] DEBUG org.asynchttpclient.netty.request.NettyRequestSender -- Using pooled Channel '[id: 0x8a8e6733, L:/127.0.0.1:53886 - R:localhost/127.0.0.1:15661]' for 'POST' to 'http://localhost:15661/session/b7c5f0f3-4ba8-4de0-b8a9-9c774cd254cb/element/2c3524a7-90d7-4d9b-822e-d1dde2f41a48/value'
21:26:21.448 [Forwarding sendKeysToElement on session b7c5f0f3-4ba8-4de0-b8a9-9c774cd254cb to remote] DEBUG org.asynchttpclient.netty.request.NettyRequestSender -- Using open Channel [id: 0x8a8e6733, L:/127.0.0.1:53886 - R:localhost/127.0.0.1:15661] for POST '/session/b7c5f0f3-4ba8-4de0-b8a9-9c774cd254cb/element/2c3524a7-90d7-4d9b-822e-d1dde2f41a48/value'
21:26:21.464 [AsyncHttpClient-1-2] DEBUG org.asynchttpclient.netty.handler.HttpHandler -- 

Request DefaultHttpRequest(decodeResult: success, version: HTTP/1.1)
POST /session/b7c5f0f3-4ba8-4de0-b8a9-9c774cd254cb/element/2c3524a7-90d7-4d9b-822e-d1dde2f41a48/value HTTP/1.1
User-Agent: selenium/4.8.1 (java unix)
Content-Length: 141
Content-Type: application/json; charset=utf-8
host: localhost:15661
accept: */*

Response DefaultHttpResponse(decodeResult: success, version: HTTP/1.1)
HTTP/1.1 200 OK
content-type: application/json; charset=utf-8
cache-control: no-cache
content-length: 14
date: Tue, 09 Apr 2024 20:26:21 GMT

21:26:21.464 [AsyncHttpClient-1-2] DEBUG org.asynchttpclient.netty.channel.ChannelManager -- Adding key: http://localhost:15661 for channel [id: 0x8a8e6733, L:/127.0.0.1:53886 - R:localhost/127.0.0.1:15661]
21:26:21.465 [main] DEBUG com.hw.TripSteps -- Fill in number of seats as 1
21:26:21.466 [Forwarding findElement on session b7c5f0f3-4ba8-4de0-b8a9-9c774cd254cb to remote] DEBUG org.asynchttpclient.netty.request.NettyRequestSender -- Using pooled Channel '[id: 0x8a8e6733, L:/127.0.0.1:53886 - R:localhost/127.0.0.1:15661]' for 'POST' to 'http://localhost:15661/session/b7c5f0f3-4ba8-4de0-b8a9-9c774cd254cb/element'
21:26:21.466 [Forwarding findElement on session b7c5f0f3-4ba8-4de0-b8a9-9c774cd254cb to remote] DEBUG org.asynchttpclient.netty.request.NettyRequestSender -- Using open Channel [id: 0x8a8e6733, L:/127.0.0.1:53886 - R:localhost/127.0.0.1:15661] for POST '/session/b7c5f0f3-4ba8-4de0-b8a9-9c774cd254cb/element'
21:26:21.467 [AsyncHttpClient-1-2] DEBUG org.asynchttpclient.netty.handler.HttpHandler -- 

Request DefaultHttpRequest(decodeResult: success, version: HTTP/1.1)
POST /session/b7c5f0f3-4ba8-4de0-b8a9-9c774cd254cb/element HTTP/1.1
User-Agent: selenium/4.8.1 (java unix)
Content-Length: 53
Content-Type: application/json; charset=utf-8
host: localhost:15661
accept: */*

Response DefaultHttpResponse(decodeResult: success, version: HTTP/1.1)
HTTP/1.1 200 OK
content-type: application/json; charset=utf-8
cache-control: no-cache
content-length: 88
date: Tue, 09 Apr 2024 20:26:21 GMT

21:26:21.467 [AsyncHttpClient-1-2] DEBUG org.asynchttpclient.netty.channel.ChannelManager -- Adding key: http://localhost:15661 for channel [id: 0x8a8e6733, L:/127.0.0.1:53886 - R:localhost/127.0.0.1:15661]
21:26:21.469 [Forwarding sendKeysToElement on session b7c5f0f3-4ba8-4de0-b8a9-9c774cd254cb to remote] DEBUG org.asynchttpclient.netty.request.NettyRequestSender -- Using pooled Channel '[id: 0x8a8e6733, L:/127.0.0.1:53886 - R:localhost/127.0.0.1:15661]' for 'POST' to 'http://localhost:15661/session/b7c5f0f3-4ba8-4de0-b8a9-9c774cd254cb/element/fea2b1df-8884-4b01-a642-89b77cb93d7a/value'
21:26:21.469 [Forwarding sendKeysToElement on session b7c5f0f3-4ba8-4de0-b8a9-9c774cd254cb to remote] DEBUG org.asynchttpclient.netty.request.NettyRequestSender -- Using open Channel [id: 0x8a8e6733, L:/127.0.0.1:53886 - R:localhost/127.0.0.1:15661] for POST '/session/b7c5f0f3-4ba8-4de0-b8a9-9c774cd254cb/element/fea2b1df-8884-4b01-a642-89b77cb93d7a/value'
21:26:21.474 [AsyncHttpClient-1-2] DEBUG org.asynchttpclient.netty.handler.HttpHandler -- 

Request DefaultHttpRequest(decodeResult: success, version: HTTP/1.1)
POST /session/b7c5f0f3-4ba8-4de0-b8a9-9c774cd254cb/element/fea2b1df-8884-4b01-a642-89b77cb93d7a/value HTTP/1.1
User-Agent: selenium/4.8.1 (java unix)
Content-Length: 91
Content-Type: application/json; charset=utf-8
host: localhost:15661
accept: */*

Response DefaultHttpResponse(decodeResult: success, version: HTTP/1.1)
HTTP/1.1 200 OK
content-type: application/json; charset=utf-8
cache-control: no-cache
content-length: 14
date: Tue, 09 Apr 2024 20:26:21 GMT

21:26:21.474 [AsyncHttpClient-1-2] DEBUG org.asynchttpclient.netty.channel.ChannelManager -- Adding key: http://localhost:15661 for channel [id: 0x8a8e6733, L:/127.0.0.1:53886 - R:localhost/127.0.0.1:15661]
21:26:21.475 [main] DEBUG com.hw.TripSteps -- Click Submit Reservation button
21:26:21.475 [Forwarding findElement on session b7c5f0f3-4ba8-4de0-b8a9-9c774cd254cb to remote] DEBUG org.asynchttpclient.netty.request.NettyRequestSender -- Using pooled Channel '[id: 0x8a8e6733, L:/127.0.0.1:53886 - R:localhost/127.0.0.1:15661]' for 'POST' to 'http://localhost:15661/session/b7c5f0f3-4ba8-4de0-b8a9-9c774cd254cb/element'
21:26:21.475 [Forwarding findElement on session b7c5f0f3-4ba8-4de0-b8a9-9c774cd254cb to remote] DEBUG org.asynchttpclient.netty.request.NettyRequestSender -- Using open Channel [id: 0x8a8e6733, L:/127.0.0.1:53886 - R:localhost/127.0.0.1:15661] for POST '/session/b7c5f0f3-4ba8-4de0-b8a9-9c774cd254cb/element'
21:26:21.478 [AsyncHttpClient-1-2] DEBUG org.asynchttpclient.netty.handler.HttpHandler -- 

Request DefaultHttpRequest(decodeResult: success, version: HTTP/1.1)
POST /session/b7c5f0f3-4ba8-4de0-b8a9-9c774cd254cb/element HTTP/1.1
User-Agent: selenium/4.8.1 (java unix)
Content-Length: 67
Content-Type: application/json; charset=utf-8
host: localhost:15661
accept: */*

Response DefaultHttpResponse(decodeResult: success, version: HTTP/1.1)
HTTP/1.1 200 OK
content-type: application/json; charset=utf-8
cache-control: no-cache
content-length: 88
date: Tue, 09 Apr 2024 20:26:21 GMT

21:26:21.478 [AsyncHttpClient-1-2] DEBUG org.asynchttpclient.netty.channel.ChannelManager -- Adding key: http://localhost:15661 for channel [id: 0x8a8e6733, L:/127.0.0.1:53886 - R:localhost/127.0.0.1:15661]
21:26:21.479 [Forwarding clickElement on session b7c5f0f3-4ba8-4de0-b8a9-9c774cd254cb to remote] DEBUG org.asynchttpclient.netty.request.NettyRequestSender -- Using pooled Channel '[id: 0x8a8e6733, L:/127.0.0.1:53886 - R:localhost/127.0.0.1:15661]' for 'POST' to 'http://localhost:15661/session/b7c5f0f3-4ba8-4de0-b8a9-9c774cd254cb/element/17b101a6-2a02-4573-98c0-8f920a7804dd/click'
21:26:21.479 [Forwarding clickElement on session b7c5f0f3-4ba8-4de0-b8a9-9c774cd254cb to remote] DEBUG org.asynchttpclient.netty.request.NettyRequestSender -- Using open Channel [id: 0x8a8e6733, L:/127.0.0.1:53886 - R:localhost/127.0.0.1:15661] for POST '/session/b7c5f0f3-4ba8-4de0-b8a9-9c774cd254cb/element/17b101a6-2a02-4573-98c0-8f920a7804dd/click'
21:26:21.687 [AsyncHttpClient-1-2] DEBUG org.asynchttpclient.netty.handler.HttpHandler -- 

Request DefaultHttpRequest(decodeResult: success, version: HTTP/1.1)
POST /session/b7c5f0f3-4ba8-4de0-b8a9-9c774cd254cb/element/17b101a6-2a02-4573-98c0-8f920a7804dd/click HTTP/1.1
User-Agent: selenium/4.8.1 (java unix)
Content-Length: 50
Content-Type: application/json; charset=utf-8
host: localhost:15661
accept: */*

Response DefaultHttpResponse(decodeResult: success, version: HTTP/1.1)
HTTP/1.1 200 OK
content-type: application/json; charset=utf-8
cache-control: no-cache
content-length: 14
date: Tue, 09 Apr 2024 20:26:21 GMT

21:26:21.688 [AsyncHttpClient-1-2] DEBUG org.asynchttpclient.netty.channel.ChannelManager -- Adding key: http://localhost:15661 for channel [id: 0x8a8e6733, L:/127.0.0.1:53886 - R:localhost/127.0.0.1:15661]
21:26:21.688 [main] DEBUG com.hw.TripSteps -- Verify page title Reservation Confirmation
21:26:21.689 [Forwarding getTitle on session b7c5f0f3-4ba8-4de0-b8a9-9c774cd254cb to remote] DEBUG org.asynchttpclient.netty.request.NettyRequestSender -- Using pooled Channel '[id: 0x8a8e6733, L:/127.0.0.1:53886 - R:localhost/127.0.0.1:15661]' for 'GET' to 'http://localhost:15661/session/b7c5f0f3-4ba8-4de0-b8a9-9c774cd254cb/title'
21:26:21.689 [Forwarding getTitle on session b7c5f0f3-4ba8-4de0-b8a9-9c774cd254cb to remote] DEBUG org.asynchttpclient.netty.request.NettyRequestSender -- Using open Channel [id: 0x8a8e6733, L:/127.0.0.1:53886 - R:localhost/127.0.0.1:15661] for GET '/session/b7c5f0f3-4ba8-4de0-b8a9-9c774cd254cb/title'
21:26:21.690 [AsyncHttpClient-1-2] DEBUG org.asynchttpclient.netty.handler.HttpHandler -- 

Request DefaultFullHttpRequest(decodeResult: success, version: HTTP/1.1, content: EmptyByteBufBE)
GET /session/b7c5f0f3-4ba8-4de0-b8a9-9c774cd254cb/title HTTP/1.1
User-Agent: selenium/4.8.1 (java unix)
Cache-Control: no-cache
Content-Type: application/json; charset=utf-8
host: localhost:15661
accept: */*

Response DefaultHttpResponse(decodeResult: success, version: HTTP/1.1)
HTTP/1.1 200 OK
content-type: application/json; charset=utf-8
cache-control: no-cache
content-length: 36
date: Tue, 09 Apr 2024 20:26:21 GMT

21:26:21.690 [AsyncHttpClient-1-2] DEBUG org.asynchttpclient.netty.channel.ChannelManager -- Adding key: http://localhost:15661 for channel [id: 0x8a8e6733, L:/127.0.0.1:53886 - R:localhost/127.0.0.1:15661]
21:26:21.698 [main] DEBUG io.netty.util.internal.ThreadLocalRandom -- -Dio.netty.initialSeedUniquifier: 0x5583d6aea9744aec
21:26:21.700 [AsyncHttpClient-1-4] DEBUG org.asynchttpclient.netty.channel.NettyConnectListener -- Using new Channel '[id: 0x7ec90d15, L:/127.0.0.1:45058 - R:/127.0.0.1:18856]' for 'GET' to '/devtools/browser/cfda81a3-fa5f-4962-ba8b-3a834cfc5db2'
21:26:21.704 [AsyncHttpClient-1-4] DEBUG org.asynchttpclient.netty.handler.WebSocketHandler -- 

Request DefaultFullHttpRequest(decodeResult: success, version: HTTP/1.1, content: EmptyByteBufBE)
GET /devtools/browser/cfda81a3-fa5f-4962-ba8b-3a834cfc5db2 HTTP/1.1
upgrade: websocket
connection: upgrade
sec-websocket-key: oPdyHTWTokB1GPRJUte1Pg==
sec-websocket-version: 13
origin: http://127.0.0.1:18856
host: 127.0.0.1:18856
accept: */*
user-agent: AHC/2.1

Response DefaultHttpResponse(decodeResult: success, version: HTTP/1.1)
HTTP/1.1 101 Switching Protocols
Server: httpd.js
Upgrade: websocket
Connection: Upgrade
Sec-WebSocket-Accept: 4+fnyHA2y8rszTb0vEgQFKzQRxw=
Content-Length: 0

21:26:21.719 [Driver Command Executor] DEBUG org.asynchttpclient.netty.request.NettyRequestSender -- Using pooled Channel '[id: 0x8a8e6733, L:/127.0.0.1:53886 - R:localhost/127.0.0.1:15661]' for 'DELETE' to 'http://localhost:15661/session/b7c5f0f3-4ba8-4de0-b8a9-9c774cd254cb'
21:26:21.719 [Driver Command Executor] DEBUG org.asynchttpclient.netty.request.NettyRequestSender -- Using open Channel [id: 0x8a8e6733, L:/127.0.0.1:53886 - R:localhost/127.0.0.1:15661] for DELETE '/session/b7c5f0f3-4ba8-4de0-b8a9-9c774cd254cb'
21:26:21.720 [AsyncHttpClient-1-4] DEBUG org.asynchttpclient.netty.handler.WebSocketHandler -- Channel Closed: [id: 0x7ec90d15, L:/127.0.0.1:45058 ! R:/127.0.0.1:18856] with attribute DISCARD
21:26:22.205 [AsyncHttpClient-1-2] DEBUG org.asynchttpclient.netty.handler.HttpHandler -- 

Request DefaultFullHttpRequest(decodeResult: success, version: HTTP/1.1, content: EmptyByteBufBE)
DELETE /session/b7c5f0f3-4ba8-4de0-b8a9-9c774cd254cb HTTP/1.1
User-Agent: selenium/4.8.1 (java unix)
Content-Type: application/json; charset=utf-8
host: localhost:15661
accept: */*

Response DefaultHttpResponse(decodeResult: success, version: HTTP/1.1)
HTTP/1.1 200 OK
content-type: application/json; charset=utf-8
cache-control: no-cache
content-length: 14
date: Tue, 09 Apr 2024 20:26:21 GMT

21:26:22.206 [AsyncHttpClient-1-2] DEBUG org.asynchttpclient.netty.channel.ChannelManager -- Adding key: http://localhost:15661 for channel [id: 0x8a8e6733, L:/127.0.0.1:53886 - R:localhost/127.0.0.1:15661]
21:26:22.208 [AsyncHttpClient-1-2] DEBUG org.asynchttpclient.netty.handler.HttpHandler -- Channel Closed: [id: 0x8a8e6733, L:/127.0.0.1:53886 ! R:localhost/127.0.0.1:15661] with attribute DISCARD
]]></system-out>
    <system-err><![CDATA[1712694378212	geckodriver	INFO	Listening on 127.0.0.1:15661
1712694378367	mozrunner::runner	INFO	Running command: MOZ_CRASHREPORTER="1" MOZ_CRASHREPORTER_NO_REPORT="1" MOZ_CRASHREPORTER_SHUTDOWN="1" MOZ_NO_REMOTE="1" "/usr ... s" "http://127.0.0.1:18856/,http://localhost:18856/,http://[::1]:18856/" "-no-remote" "-profile" "/tmp/rust_mozprofileJjWuu0"
console.warn: services.settings: Ignoring preference override of remote settings server
console.warn: services.settings: Allow by setting MOZ_REMOTE_SETTINGS_DEVTOOLS=1 in the environment
1712694378720	Marionette	INFO	Marionette enabled
console.error: "Warning: unrecognized command line flag" "-ignore-ssl-errors"
ATTENTION: default value of option mesa_glthread overridden by environment.
1712694378884	Marionette	INFO	Listening on port 40375
WebDriver BiDi listening on ws://127.0.0.1:18856
Read port: 40375
1712694379088	RemoteAgent	WARN	TLS certificate errors will be ignored for this session
console.error: ({})
DevTools listening on ws://127.0.0.1:18856/devtools/browser/cfda81a3-fa5f-4962-ba8b-3a834cfc5db2
console.warn: LoginRecipes: "Falling back to a synchronous message for: http://localhost:4200."
console.warn: LoginRecipes: "Falling back to a synchronous message for: http://localhost:4200."
1712694381703	RemoteAgent	INFO	Perform WebSocket upgrade for incoming connection from 127.0.0.1:45058
1712694381705	CDP	WARN	Invalid browser preferences for CDP. Set "fission.webContentIsolationStrategy"to 0 and "fission.bfcacheInParent" to false before Firefox starts.
1712694381721	Marionette	INFO	Stopped listening on port 40375
[Parent 87126, IPC I/O Parent] WARNING: waitid failed pid:87301 errno:10: file /builds/worker/checkouts/gecko/ipc/chromium/src/base/process_util_posix.cc:244
[Parent 87126, IPC I/O Parent] WARNING: waitid failed pid:87433 errno:10: file /builds/worker/checkouts/gecko/ipc/chromium/src/base/process_util_posix.cc:244
[Parent 87126, IPC I/O Parent] WARNING: waitid failed pid:87416 errno:10: file /builds/worker/checkouts/gecko/ipc/chromium/src/base/process_util_posix.cc:244
[Parent 87126, IPC I/O Parent] WARNING: waitid failed pid:87428 errno:10: file /builds/worker/checkouts/gecko/ipc/chromium/src/base/process_util_posix.cc:244
[Parent 87126, IPC I/O Parent] WARNING: waitid failed pid:87385 errno:10: file /builds/worker/checkouts/gecko/ipc/chromium/src/base/process_util_posix.cc:244
[Parent 87126, IPC I/O Parent] WARNING: waitid failed pid:87271 errno:10: file /builds/worker/checkouts/gecko/ipc/chromium/src/base/process_util_posix.cc:244
[Parent 87126, IPC I/O Parent] WARNING: waitid failed pid:87238 errno:10: file /builds/worker/checkouts/gecko/ipc/chromium/src/base/process_util_posix.cc:244
]]></system-err>
  </testcase>
</testsuite>